   80.000000000000000             (-2.47912801398797437E-015,0.0000000000000000)
   80.000000000000000      (-4.36095604072761502E-015,-4.47666209657526773E-015)
   80.000000000000000       (-9.32087740324050155E-015,8.00918359411539806E-015)
   80.000000000000000      (-5.78981307342019120E-015,-7.43939632119605752E-015)
   80.000000000000000       (-1.36340938539092357E-014,9.20444276353293844E-015)
   80.000000000000000       (-3.30180327523521538E-015,1.36106403925140285E-014)
   80.000000000000000        (3.49054118942149231E-015,6.29357677084385614E-015)
   80.000000000000000       (1.12909681604378419E-015,-2.15244488899202221E-016)
   80.000000000000000              (2.46247466861859718E-015,3.9999999999999982)
   80.000000000000000        (2.77000644643976569E-016,2.75279798955807583E-015)
   80.000000000000000       (-4.91939822211406888E-015,4.47308856621475561E-015)
   80.000000000000000        (6.05793193386716641E-015,6.25444140922581947E-015)
   80.000000000000000       (4.60742555219440004E-016,-6.98552327094148514E-015)
   80.000000000000000      (-4.04343225568482031E-015,-1.01085806392120508E-015)
   80.000000000000000      (-7.41684491600835903E-015,-2.02060590481778497E-016)
   80.000000000000000       (5.13478148889134900E-016,-1.96231919602496426E-015)
   80.000000000000000       (-1.39610545346613427E-015,8.34443625308267618E-015)
   80.000000000000000       (-2.96596081028610568E-015,4.21440660147709432E-015)
   80.000000000000000        (1.50823797895327525E-015,1.28175248192974322E-015)
   80.000000000000000      (-1.11943787572954532E-014,-8.42936831446650131E-016)
   80.000000000000000       (-6.87450096847896949E-015,9.39803790345195075E-015)
   80.000000000000000        (3.38618022510672725E-016,1.54615209524422410E-014)
   80.000000000000000        (1.34586786160184595E-014,1.11052833595692850E-014)
   80.000000000000000        (1.14441789378361134E-014,1.80466752652819185E-015)
   80.000000000000000       (3.66096042370145385E-015,-9.48685574542196256E-016)
   80.000000000000000       (5.30075983107280962E-015,-5.09758901756640616E-015)
   80.000000000000000        (2.40363284831346395E-016,1.56208379564759528E-015)
   80.000000000000000       (-2.88657986402540710E-017,4.83002526863174381E-015)
   80.000000000000000        (7.86037901434610839E-016,1.02085007114283147E-015)
   80.000000000000000       (-7.09876601945325067E-015,4.40036895810180773E-015)
   80.000000000000000        (9.10577169221937747E-015,7.81597009336110208E-016)
   80.000000000000000      (-3.64291929955129490E-015,-4.24826840372816157E-015)
   80.000000000000000       (-2.73503442116407331E-015,6.03961325396085201E-016)
   80.000000000000000       (-4.69430050387131802E-015,3.23685522829464402E-015)
   80.000000000000000        (4.17693657439599545E-015,1.56957780106381506E-014)
   80.000000000000000       (2.40085729075190112E-016,-7.71827046719408783E-015)
   80.000000000000000      (-6.39488462184090144E-016,-1.73916436807530763E-015)
   80.000000000000000        (6.69631017302663142E-015,4.38260538970780560E-015)
   80.000000000000000      (-9.60065360544604213E-016,-1.54487533876590523E-015)
   80.000000000000000      (-2.21767049168875025E-016,-4.69069227904128638E-015)
   80.000000000000000              (2.0000000000000009,2.69562150378988021E-015)
   80.000000000000000       (5.69086444635047419E-015,-6.50757225884035528E-015)
   80.000000000000000       (5.93552984540224359E-016,-4.59188242984964739E-015)
   80.000000000000000        (7.34828864423775525E-016,3.42004202735779469E-015)
   80.000000000000000        (2.43652320541798408E-015,9.38749078471801188E-015)
   80.000000000000000       (6.10372863363295428E-015,-7.56783524735738025E-015)
   80.000000000000000       (-3.22922244500034591E-015,1.41325839919659304E-014)
   80.000000000000000       (2.67007943532959742E-014,-5.18085574441329290E-015)
   80.000000000000000      (-7.23317239437193450E-015,-3.55604434787437653E-015)
   80.000000000000000       (2.78764858419044974E-015,-9.83324532910501072E-015)
   80.000000000000000      (-7.48840572098802907E-015,-4.04565270173407018E-015)
   80.000000000000000       (5.11059944363623221E-015,-5.41067191051070034E-015)
   80.000000000000000       (-5.74512659667902906E-015,8.75410854916935869E-015)
   80.000000000000000       (1.44363687670789894E-015,-4.14279721638877138E-015)
   80.000000000000000       (2.27269592034673432E-015,-1.20814469539709527E-014)
   80.000000000000000       (-1.16162635066530124E-014,5.80091530366644292E-015)
   80.000000000000000      (-1.00361385868552581E-014,-4.85556039819812207E-015)
   80.000000000000000       (-3.96419008730219926E-015,2.31759056390501428E-015)
   80.000000000000000       (-8.51207992980107538E-015,2.06196171248507192E-014)
   80.000000000000000        (2.46122566771589383E-015,1.60677027238875774E-014)
   80.000000000000000        (1.24300569837032519E-014,9.74054170654881084E-015)
   80.000000000000000       (1.10381148665794626E-014,-7.45736805640717667E-015)
   80.000000000000000       (8.62504512255668487E-015,-1.59594559789866253E-015)
   80.000000000000000        (5.09314812546790602E-016,4.82947015711943093E-017)
   80.000000000000000       (1.80189196896662911E-015,-8.97226737350820233E-015)
   80.000000000000000       (1.74715797385260890E-014,-4.98379115754232777E-015)
   80.000000000000000      (-5.92581539393677303E-015,-5.25912646764936625E-015)
   80.000000000000000       (-2.06362704702200956E-015,4.53026505198295123E-015)
   80.000000000000000       (1.82659443126453886E-015,-1.06820108314309440E-014)
   80.000000000000000       (-9.02861119200792984E-015,1.58956181550706800E-014)
   80.000000000000000       (3.42809114428632725E-015,-4.21329637845246899E-016)
   80.000000000000000        (3.01675351366270655E-015,1.52822199339652804E-015)
   80.000000000000000       (4.56773507906405011E-015,-1.44989575900922317E-014)
   80.000000000000000      (-2.58859600421601495E-014,-7.77711228749922145E-016)
   80.000000000000000       (-4.26658708363447655E-015,8.27504731404360390E-015)
   80.000000000000000      (-5.22581977691061187E-015,-2.20323759236862303E-015)
   80.000000000000000        (1.36002320516581676E-014,1.79795067722920968E-014)
   80.000000000000000       (7.84317055746441794E-015,-1.41495148930914644E-014)
   80.000000000000000       (-7.75934871910521912E-015,2.80162004706596686E-014)
   80.000000000000000       (2.22061258270400670E-014,-9.44855305107239518E-015)
   80.000000000000000        (5.17197396021629184E-015,1.06942232847018207E-014)
   80.000000000000000      (-5.02542452096577114E-015,-3.24851257005320821E-015)
   80.000000000000000        (2.25930385511219372E-015,1.73999703534377652E-015)
   80.000000000000000       (5.46063194661883270E-015,-6.27331520064444732E-015)
   80.000000000000000       (4.10893541413770414E-015,-7.38742400585579231E-015)
   80.000000000000000       (1.03639319348758373E-015,-1.09426356864616992E-014)
   80.000000000000000        (3.06976666308855768E-015,7.01522173685020789E-015)
   80.000000000000000       (-1.16961995644260243E-015,8.95394869360188695E-016)
   80.000000000000000       (-8.11906097908376928E-015,9.59038404246825773E-015)
   80.000000000000000        (9.76552172460287624E-015,1.40040756768655686E-014)
   80.000000000000000       (5.09592368302946836E-015,-3.69079766748825462E-015)
   80.000000000000000      (-4.04343225568482031E-015,-3.50608431176624417E-015)
   80.000000000000000        (2.55351295663785985E-016,8.78130901327267553E-015)
   80.000000000000000        (4.96380714309907499E-015,1.35710886972617581E-015)
   80.000000000000000        (4.07951450398513742E-015,4.27713420236841561E-016)
   80.000000000000000      (-8.96227536628657554E-015,-3.57609775125666832E-015)
   80.000000000000000       (6.83397782808015105E-015,-1.35141897672497174E-015)
   80.000000000000000       (9.21429599287648721E-015,-1.41132938669130685E-014)
   80.000000000000000      (-3.41449091223466883E-015,-6.69408972697738155E-015)
   80.000000000000000        (3.63209462506120000E-015,3.49645659647457296E-015)
