   0.0000000000000000        0.0000000000000000     
   1.2500000000000001E-002  -4.4766620965752677E-015
   2.5000000000000001E-002   8.0091835941153981E-015
   3.7499999999999999E-002  -7.4393963211960575E-015
   5.0000000000000003E-002   9.2044427635329384E-015
   6.2500000000000000E-002   1.3610640392514028E-014
   7.4999999999999997E-002   6.2935767708438561E-015
   8.7499999999999994E-002  -2.1524448889920222E-016
  0.10000000000000001        3.9999999999999982     
  0.11250000000000000        2.7527979895580758E-015
  0.12500000000000000        4.4730885662147556E-015
  0.13750000000000001        6.2544414092258195E-015
  0.14999999999999999       -6.9855232709414851E-015
  0.16250000000000001       -1.0108580639212051E-015
  0.17499999999999999       -2.0206059048177850E-016
  0.18750000000000000       -1.9623191960249643E-015
  0.20000000000000001        8.3444362530826762E-015
  0.21249999999999999        4.2144066014770943E-015
  0.22500000000000001        1.2817524819297432E-015
  0.23749999999999999       -8.4293683144665013E-016
  0.25000000000000000        9.3980379034519507E-015
  0.26250000000000001        1.5461520952442241E-014
  0.27500000000000002        1.1105283359569285E-014
  0.28749999999999998        1.8046675265281918E-015
  0.29999999999999999       -9.4868557454219626E-016
  0.31250000000000000       -5.0975890175664062E-015
  0.32500000000000001        1.5620837956475953E-015
  0.33750000000000002        4.8300252686317438E-015
  0.34999999999999998        1.0208500711428315E-015
  0.36249999999999999        4.4003689581018077E-015
  0.37500000000000000        7.8159700933611021E-016
  0.38750000000000001       -4.2482684037281616E-015
  0.40000000000000002        6.0396132539608520E-016
  0.41249999999999998        3.2368552282946440E-015
  0.42499999999999999        1.5695778010638151E-014
  0.43750000000000000       -7.7182704671940878E-015
  0.45000000000000001       -1.7391643680753076E-015
  0.46250000000000002        4.3826053897078056E-015
  0.47499999999999998       -1.5448753387659052E-015
  0.48749999999999999       -4.6906922790412864E-015
  0.50000000000000000        2.6956215037898802E-015
  0.51249999999999996       -6.5075722588403553E-015
  0.52500000000000002       -4.5918824298496474E-015
  0.53749999999999998        3.4200420273577947E-015
  0.55000000000000004        9.3874907847180119E-015
  0.56250000000000000       -7.5678352473573803E-015
  0.57499999999999996        1.4132583991965930E-014
  0.58750000000000002       -5.1808557444132929E-015
  0.59999999999999998       -3.5560443478743765E-015
  0.61250000000000004       -9.8332453291050107E-015
  0.62500000000000000       -4.0456527017340702E-015
  0.63749999999999996       -5.4106719105107003E-015
  0.65000000000000002        8.7541085491693587E-015
  0.66249999999999998       -4.1427972163887714E-015
  0.67500000000000004       -1.2081446953970953E-014
  0.68750000000000000        5.8009153036664429E-015
  0.69999999999999996       -4.8555603981981221E-015
  0.71250000000000002        2.3175905639050143E-015
  0.72499999999999998        2.0619617124850719E-014
  0.73750000000000004        1.6067702723887577E-014
  0.75000000000000000        9.7405417065488108E-015
  0.76249999999999996       -7.4573680564071767E-015
  0.77500000000000002       -1.5959455978986625E-015
  0.78749999999999998        4.8294701571194309E-017
  0.80000000000000004       -8.9722673735082023E-015
  0.81250000000000000       -4.9837911575423278E-015
  0.82499999999999996       -5.2591264676493662E-015
  0.83750000000000002        4.5302650519829512E-015
  0.84999999999999998       -1.0682010831430944E-014
  0.86250000000000004        1.5895618155070680E-014
  0.87500000000000000       -4.2132963784524690E-016
  0.88749999999999996        1.5282219933965280E-015
  0.90000000000000002       -1.4498957590092232E-014
  0.91249999999999998       -7.7771122874992214E-016
  0.92500000000000004        8.2750473140436039E-015
  0.93750000000000000       -2.2032375923686230E-015
  0.94999999999999996        1.7979506772292097E-014
  0.96250000000000002       -1.4149514893091464E-014
  0.97499999999999998        2.8016200470659669E-014
  0.98750000000000004       -9.4485530510723952E-015
   1.0000000000000000        1.0694223284701821E-014
   1.0125000000000000       -3.2485125700532082E-015
   1.0249999999999999        1.7399970353437765E-015
   1.0375000000000001       -6.2733152006444473E-015
   1.0500000000000000       -7.3874240058557923E-015
   1.0625000000000000       -1.0942635686461699E-014
   1.0750000000000000        7.0152217368502079E-015
   1.0874999999999999        8.9539486936018869E-016
   1.1000000000000001        9.5903840424682577E-015
   1.1125000000000000        1.4004075676865569E-014
   1.1250000000000000       -3.6907976674882546E-015
   1.1375000000000000       -3.5060843117662442E-015
   1.1499999999999999        8.7813090132726755E-015
   1.1625000000000001        1.3571088697261758E-015
   1.1750000000000000        4.2771342023684156E-016
   1.1875000000000000       -3.5760977512566683E-015
   1.2000000000000000       -1.3514189767249717E-015
   1.2124999999999999       -1.4113293866913068E-014
   1.2250000000000001       -6.6940897269773815E-015
   1.2375000000000000        3.4964565964745730E-015
