   0.0000000000000000       -2.4791280139879744E-015
   1.2500000000000001E-002  -4.3609560407276150E-015
   2.5000000000000001E-002  -9.3208774032405015E-015
   3.7499999999999999E-002  -5.7898130734201912E-015
   5.0000000000000003E-002  -1.3634093853909236E-014
   6.2500000000000000E-002  -3.3018032752352154E-015
   7.4999999999999997E-002   3.4905411894214923E-015
   8.7499999999999994E-002   1.1290968160437842E-015
  0.10000000000000001        2.4624746686185972E-015
  0.11250000000000000        2.7700064464397657E-016
  0.12500000000000000       -4.9193982221140689E-015
  0.13750000000000001        6.0579319338671664E-015
  0.14999999999999999        4.6074255521944000E-016
  0.16250000000000001       -4.0434322556848203E-015
  0.17499999999999999       -7.4168449160083590E-015
  0.18750000000000000        5.1347814888913490E-016
  0.20000000000000001       -1.3961054534661343E-015
  0.21249999999999999       -2.9659608102861057E-015
  0.22500000000000001        1.5082379789532753E-015
  0.23749999999999999       -1.1194378757295453E-014
  0.25000000000000000       -6.8745009684789695E-015
  0.26250000000000001        3.3861802251067273E-016
  0.27500000000000002        1.3458678616018460E-014
  0.28749999999999998        1.1444178937836113E-014
  0.29999999999999999        3.6609604237014538E-015
  0.31250000000000000        5.3007598310728096E-015
  0.32500000000000001        2.4036328483134639E-016
  0.33750000000000002       -2.8865798640254071E-017
  0.34999999999999998        7.8603790143461084E-016
  0.36249999999999999       -7.0987660194532507E-015
  0.37500000000000000        9.1057716922193775E-015
  0.38750000000000001       -3.6429192995512949E-015
  0.40000000000000002       -2.7350344211640733E-015
  0.41249999999999998       -4.6943005038713180E-015
  0.42499999999999999        4.1769365743959954E-015
  0.43750000000000000        2.4008572907519011E-016
  0.45000000000000001       -6.3948846218409014E-016
  0.46250000000000002        6.6963101730266314E-015
  0.47499999999999998       -9.6006536054460421E-016
  0.48749999999999999       -2.2176704916887502E-016
  0.50000000000000000        2.0000000000000009     
  0.51249999999999996        5.6908644463504742E-015
  0.52500000000000002        5.9355298454022436E-016
  0.53749999999999998        7.3482886442377552E-016
  0.55000000000000004        2.4365232054179841E-015
  0.56250000000000000        6.1037286336329543E-015
  0.57499999999999996       -3.2292224450003459E-015
  0.58750000000000002        2.6700794353295974E-014
  0.59999999999999998       -7.2331723943719345E-015
  0.61250000000000004        2.7876485841904497E-015
  0.62500000000000000       -7.4884057209880291E-015
  0.63749999999999996        5.1105994436362322E-015
  0.65000000000000002       -5.7451265966790291E-015
  0.66249999999999998        1.4436368767078989E-015
  0.67500000000000004        2.2726959203467343E-015
  0.68750000000000000       -1.1616263506653012E-014
  0.69999999999999996       -1.0036138586855258E-014
  0.71250000000000002       -3.9641900873021993E-015
  0.72499999999999998       -8.5120799298010754E-015
  0.73750000000000004        2.4612256677158938E-015
  0.75000000000000000        1.2430056983703252E-014
  0.76249999999999996        1.1038114866579463E-014
  0.77500000000000002        8.6250451225566849E-015
  0.78749999999999998        5.0931481254679060E-016
  0.80000000000000004        1.8018919689666291E-015
  0.81250000000000000        1.7471579738526089E-014
  0.82499999999999996       -5.9258153939367730E-015
  0.83750000000000002       -2.0636270470220096E-015
  0.84999999999999998        1.8265944312645389E-015
  0.86250000000000004       -9.0286111920079298E-015
  0.87500000000000000        3.4280911442863272E-015
  0.88749999999999996        3.0167535136627065E-015
  0.90000000000000002        4.5677350790640501E-015
  0.91249999999999998       -2.5885960042160150E-014
  0.92500000000000004       -4.2665870836344766E-015
  0.93750000000000000       -5.2258197769106119E-015
  0.94999999999999996        1.3600232051658168E-014
  0.96250000000000002        7.8431705574644179E-015
  0.97499999999999998       -7.7593487191052191E-015
  0.98750000000000004        2.2206125827040067E-014
   1.0000000000000000        5.1719739602162918E-015
   1.0125000000000000       -5.0254245209657711E-015
   1.0249999999999999        2.2593038551121937E-015
   1.0375000000000001        5.4606319466188327E-015
   1.0500000000000000        4.1089354141377041E-015
   1.0625000000000000        1.0363931934875837E-015
   1.0750000000000000        3.0697666630885577E-015
   1.0874999999999999       -1.1696199564426024E-015
   1.1000000000000001       -8.1190609790837693E-015
   1.1125000000000000        9.7655217246028762E-015
   1.1250000000000000        5.0959236830294684E-015
   1.1375000000000000       -4.0434322556848203E-015
   1.1499999999999999        2.5535129566378598E-016
   1.1625000000000001        4.9638071430990750E-015
   1.1750000000000000        4.0795145039851374E-015
   1.1875000000000000       -8.9622753662865755E-015
   1.2000000000000000        6.8339778280801511E-015
   1.2124999999999999        9.2142959928764872E-015
   1.2250000000000001       -3.4144909122346688E-015
   1.2375000000000000        3.6320946250612000E-015
