   0.0000000000000000       -3.4572344986827375E-015
   1.2500000000000001E-002  -6.5319971653821086E-015
   2.5000000000000001E-002  -1.3952727861976655E-014
   3.7499999999999999E-002  -9.1293639314926627E-015
   5.0000000000000003E-002  -2.0817791934746309E-014
   6.2500000000000000E-002  -5.3346216333238769E-015
   7.4999999999999997E-002   5.4323212594908909E-015
   8.7499999999999994E-002   1.2828627049543684E-015
  0.10000000000000001       -1.6187051699034782E-015
  0.11250000000000000        8.2267526124724101E-016
  0.12500000000000000       -8.2434059578417873E-015
  0.13750000000000001        6.5425442841160475E-015
  0.14999999999999999        1.2073675392798577E-015
  0.16250000000000001       -7.1115335842364410E-015
  0.17499999999999999       -9.8721031349668921E-015
  0.18750000000000000        1.0746958878371515E-015
  0.20000000000000001       -1.1735057370287905E-015
  0.21249999999999999       -7.8198558739472903E-015
  0.22500000000000001        4.8239190419963049E-016
  0.23749999999999999       -1.6989742945838771E-014
  0.25000000000000000       -8.5931262105987123E-015
  0.26250000000000001       -2.1371793224034264E-016
  0.27500000000000002        1.9449442056895805E-014
  0.28749999999999998        1.4951373472626982E-014
  0.29999999999999999        5.4628523926680826E-015
  0.31250000000000000        8.6847196101302864E-015
  0.32500000000000001        1.0602629885170245E-016
  0.33750000000000002        3.5871305925638810E-015
  0.34999999999999998        2.0938806244430452E-015
  0.36249999999999999       -4.7956083548683637E-015
  0.37500000000000000        7.9664053131978103E-015
  0.38750000000000001       -3.5793590313915049E-015
  0.40000000000000002       -9.2786889283047457E-016
  0.41249999999999998       -2.5351942767315451E-015
  0.42499999999999999        4.0914494014998580E-015
  0.43750000000000000        6.1112226390491744E-015
  0.45000000000000001       -3.8119507550504751E-015
  0.46250000000000002        1.1322609516639659E-014
  0.47499999999999998        5.0209836288672704E-016
  0.48749999999999999       -1.3233858453531866E-015
  0.50000000000000000        3.0000000000000018     
  0.51249999999999996        4.1683323459551504E-015
  0.52500000000000002       -8.0491169285323844E-018
  0.53749999999999998        1.2119472092564365E-015
  0.55000000000000004        4.3114123382537175E-015
  0.56250000000000000        6.6809058285599580E-015
  0.57499999999999996       -3.1888380824796059E-015
  0.58750000000000002        3.2066085897675123E-014
  0.59999999999999998       -5.0039486443331781E-015
  0.61250000000000004        3.0333201228582850E-015
  0.62500000000000000       -9.9204382091102914E-015
  0.63749999999999996        1.6794725332669457E-015
  0.65000000000000002       -5.9818816566803437E-015
  0.66249999999999998       -6.6044392177389004E-016
  0.67500000000000004        3.4514058278034552E-015
  0.68750000000000000       -8.4393603216881275E-015
  0.69999999999999996       -8.1128159745702537E-015
  0.71250000000000002       -1.3655881980767503E-014
  0.72499999999999998       -1.7561091469886493E-014
  0.73750000000000004        3.8496983378877300E-015
  0.75000000000000000        1.4504786260971515E-014
  0.76249999999999996        1.7566503807131539E-014
  0.77500000000000002        1.1487200080040339E-014
  0.78749999999999998        5.7262528052604012E-015
  0.80000000000000004        4.1078251911130792E-017
  0.81250000000000000        1.0991485499545206E-014
  0.82499999999999996       -5.8814064729517671E-016
  0.83750000000000002       -3.4366953727271719E-015
  0.84999999999999998        7.9658502016854985E-017
  0.86250000000000004       -6.9508288014219490E-015
  0.87500000000000000        1.3897216710745397E-014
  0.88749999999999996        6.0396132539608520E-016
  0.90000000000000002        8.8767881933904389E-015
  0.91249999999999998       -3.1949998202662752E-014
  0.92500000000000004       -6.6019412159334937E-015
  0.93750000000000000       -3.5305092183079979E-015
  0.94999999999999996        1.9776957849160225E-014
  0.96250000000000002        1.4410694859634533E-014
  0.97499999999999998       -1.1152190282359697E-015
  0.98750000000000004        2.3928081738233687E-014
   1.0000000000000000        3.1546987244723822E-015
   1.0125000000000000       -8.3538731487919909E-015
   1.0249999999999999        3.5682568011452532E-015
   1.0375000000000001       -1.0236256287043944E-015
   1.0500000000000000        1.4583334539963743E-014
   1.0625000000000000        4.5352610555937644E-016
   1.0750000000000000       -8.4932061383824477E-017
   1.0874999999999999       -1.0175194020689559E-015
   1.1000000000000001       -9.1110452515863469E-015
   1.1125000000000000        8.8296037148438701E-015
   1.1250000000000000        1.3501422202466529E-014
   1.1375000000000000       -7.3480110884815988E-015
   1.1499999999999999       -4.1755487956152137E-015
   1.1625000000000001        7.7032824563616492E-015
   1.1750000000000000        4.4664272280670044E-015
   1.1875000000000000       -6.8750560799912816E-015
   1.2000000000000000        1.9662049766111523E-015
   1.2124999999999999        1.1677325773007397E-014
   1.2250000000000001       -1.0592637877948618E-014
   1.2375000000000000       -4.4242387531312487E-016
