   0.0000000000000000        0.0000000000000000     
   1.2500000000000001E-002  -7.0172860577866204E-015
   2.5000000000000001E-002   1.1594787630020419E-014
   3.7499999999999999E-002  -1.1579279202145187E-014
   5.0000000000000003E-002   1.3815198984801214E-014
   6.2500000000000000E-002   2.0108081866254680E-014
   7.4999999999999997E-002   9.5332075567000637E-015
   8.7499999999999994E-002  -1.9173551635276453E-015
  0.10000000000000001        1.9999999999999971     
  0.11250000000000000        4.7345460885139804E-015
  0.12500000000000000        9.2909013815756228E-015
  0.13750000000000001        1.0754730439543892E-014
  0.14999999999999999       -1.0182688026105780E-014
  0.16250000000000001        9.4119156912597636E-016
  0.17499999999999999        2.1727064591914314E-015
  0.18750000000000000       -2.2692958623338201E-015
  0.20000000000000001        1.1679268663300491E-014
  0.21249999999999999        5.0989767963471879E-015
  0.22500000000000001        3.1993852012135447E-015
  0.23749999999999999       -1.5751289161869408E-015
  0.25000000000000000        1.5051293544843246E-014
  0.26250000000000001        2.4140134335937091E-014
  0.27500000000000002        1.7472689961550713E-014
  0.28749999999999998        2.8749225222668428E-015
  0.29999999999999999        1.8512968935624486E-015
  0.31250000000000000       -3.8558045645231683E-015
  0.32500000000000001       -5.2791104820926192E-016
  0.33750000000000002        1.8068879725774421E-015
  0.34999999999999998        3.0281332996651143E-015
  0.36249999999999999        3.7281289166912755E-015
  0.37500000000000000       -7.7937656328685984E-016
  0.38750000000000001       -1.6436851879575442E-015
  0.40000000000000002        4.0489833708079458E-015
  0.41249999999999998        1.0230705171920817E-015
  0.42499999999999999        2.2165047575128939E-014
  0.43750000000000000       -7.4540373873333011E-015
  0.45000000000000001       -3.2202018829252664E-015
  0.46250000000000002        6.9672045910351702E-015
  0.47499999999999998       -2.6895152771544419E-015
  0.48749999999999999       -8.8618001825579987E-015
  0.50000000000000000        6.9860783824537972E-015
  0.51249999999999996       -9.4835250763480874E-015
  0.52500000000000002       -5.3085313922451857E-015
  0.53749999999999998        6.5508709568007365E-015
  0.55000000000000004        8.1362694359654593E-015
  0.56250000000000000       -1.2883583089262629E-014
  0.57499999999999996        1.9481638524609934E-014
  0.58750000000000002       -1.0175194020689560E-014
  0.59999999999999998       -1.0298983887935265E-014
  0.61250000000000004       -1.4163670236655435E-014
  0.62500000000000000       -7.1598282858076340E-015
  0.63749999999999996       -5.9424687393061502E-015
  0.65000000000000002        8.1007422991774551E-015
  0.66249999999999998       -5.8020255266910679E-015
  0.67500000000000004       -1.3060663661690342E-014
  0.68750000000000000        2.1588286713836169E-015
  0.69999999999999996       -7.5295325530078109E-015
  0.71250000000000002        5.3179682879544997E-015
  0.72499999999999998        2.3196999876518021E-014
  0.73750000000000004        2.7451929618393932E-014
  0.75000000000000000        1.5432655153801988E-014
  0.76249999999999996       -7.8237416545334780E-015
  0.77500000000000002       -1.0058620603103919E-015
  0.78749999999999998       -1.7491563752969342E-015
  0.80000000000000004       -8.9001028769075681E-015
  0.81250000000000000       -5.2602366906739920E-015
  0.82499999999999996       -4.6423975774700918E-015
  0.83750000000000002        3.0031532816110485E-015
  0.84999999999999998       -1.7079115899321097E-014
  0.86250000000000004        1.3450351943333772E-014
  0.87500000000000000        2.9148905511533484E-015
  0.88749999999999996        4.0456527017340702E-015
  0.90000000000000002       -2.1656565429850616E-014
  0.91249999999999998       -3.3251179587523438E-015
  0.92500000000000004        1.6912582445627323E-014
  0.93750000000000000        4.8966386501092526E-015
  0.94999999999999996        2.3956392425361628E-014
  0.96250000000000002       -1.9197976541818206E-014
  0.97499999999999998        2.9379831900655517E-014
  0.98750000000000004       -1.2393974735402936E-014
   1.0000000000000000       -1.5071277559286499E-015
   1.0125000000000000       -4.9557580261705428E-015
   1.0249999999999999        2.5002222514558525E-015
   1.0375000000000001       -5.6721294328099251E-015
   1.0500000000000000        7.7160500211448382E-016
   1.0625000000000000       -1.3407053245373391E-014
   1.0750000000000000        8.0777051714164819E-015
   1.0874999999999999        3.8738456886733273E-015
   1.1000000000000001        8.9389606827694479E-015
   1.1125000000000000        9.4371732650699866E-015
   1.1250000000000000       -4.7420400939301997E-015
   1.1375000000000000       -8.6394780218768114E-015
   1.1499999999999999        7.0250749661937559E-015
   1.1625000000000001        8.6004814381368535E-015
   1.1750000000000000       -2.8459179457485106E-015
   1.1875000000000000       -3.6257108426696048E-015
   1.2000000000000000       -9.0341623071310553E-015
   1.2124999999999999       -1.2221196277195645E-014
   1.2250000000000001       -1.4229450950864474E-014
   1.2375000000000000        3.0026155173334958E-015
