   0.0000000000000000        0.0000000000000000     
  0.12500000000000000       -2.6313034282562393E-002
  0.25000000000000000       -5.8065635026985751E-002
  0.37500000000000000      -0.10553510373114540     
  0.50000000000000000      -0.20189603249717314     
  0.62500000000000000      -0.59740018783876225     
  0.75000000000000000       0.95643850133547981     
  0.87500000000000000       0.28308971036667563     
   1.0000000000000000       0.16651659673599523     
   1.1250000000000000       0.11512792915214183     
   1.2500000000000000        8.3908212294369997E-002
   1.3750000000000000        6.0743395217141352E-002
   1.5000000000000000        4.0361085590214500E-002
   1.6250000000000000        1.8903044812549685E-002
   1.7500000000000000       -9.1538351322354491E-003
   1.8750000000000000       -5.8783844259509263E-002
   2.0000000000000000      -0.21650369942163117     
   2.1250000000000000        1.1539424990481972     
   2.2500000000000000       0.23386226156273510     
   2.3750000000000000       0.14737593966402621     
   2.5000000000000000       0.11333287387072058     
   2.6250000000000000        9.4472309860464898E-002
   2.7500000000000000        8.2159541854535251E-002
   2.8750000000000000        7.3308677249628945E-002
   3.0000000000000000        6.6534167018752463E-002
   3.1250000000000000        6.1117007351660702E-002
   3.2500000000000000        5.6644399523038409E-002
   3.3750000000000000        5.2860909556823349E-002
   3.5000000000000000        4.9599069384785539E-002
   3.6250000000000000        4.6743916938492724E-002
   3.7500000000000000        4.4213526527180032E-002
   3.8750000000000000        4.1947678633435882E-002
   4.0000000000000000        3.9900941530527242E-002
   4.1250000000000000        3.8038272349917843E-002
   4.2500000000000000        3.6332121792808120E-002
   4.3750000000000000        3.4760470802636050E-002
   4.5000000000000000        3.3305464111393415E-002
   4.6250000000000000        3.1952437182207499E-002
   4.7500000000000000        3.0689209091931055E-002
   4.8750000000000000        2.9505559290664535E-002
   5.0000000000000000        2.8392834089313191E-002
   5.1250000000000000        2.7343646350481164E-002
   5.2500000000000000        2.6351643250623006E-002
   5.3750000000000000        2.5411324506734053E-002
   5.5000000000000000        2.4517898527907575E-002
   5.6250000000000000        2.3667167426172163E-002
   5.7500000000000000        2.2855434240942760E-002
   5.8750000000000000        2.2079427444233843E-002
   6.0000000000000000        2.1336239020183157E-002
   6.1250000000000000        2.0623273305357827E-002
   6.2500000000000000        1.9938204430932419E-002
   6.3750000000000000        1.9278940695255379E-002
   6.5000000000000000        1.8643594561020483E-002
   6.6250000000000000        1.8030457248867742E-002
   6.7500000000000000        1.7437977110794648E-002
   6.8750000000000000        1.6864741131204029E-002
   7.0000000000000000        1.6309459029990706E-002
   7.1250000000000000        1.5770949542579526E-002
   7.2500000000000000        1.5248128529799128E-002
   7.3750000000000000        1.4739998633617437E-002
   7.5000000000000000        1.4245640244403033E-002
   7.6250000000000000        1.3764203585783593E-002
   7.7500000000000000        1.3294901755524646E-002
   7.8750000000000000        1.2837004587509422E-002
   8.0000000000000000        1.2389833221352720E-002
   8.1250000000000000        1.1952755283919661E-002
   8.2500000000000000        1.1525180601965496E-002
   8.3750000000000000        1.1106557376824285E-002
   8.5000000000000000        1.0696368762345141E-002
   8.6250000000000000        1.0294129796328077E-002
   8.7500000000000000        9.8993846413082242E-003
   8.8750000000000000        9.5117040984448748E-003
   9.0000000000000000        9.1306833615640466E-003
   9.1250000000000000        8.7559399839528592E-003
   9.2500000000000000        8.3871120332143240E-003
   9.3750000000000000        8.0238564133233384E-003
   9.5000000000000000        7.6658473351886936E-003
   9.6250000000000000        7.3127749195536062E-003
   9.7500000000000000        6.9643439177971113E-003
   9.8750000000000000        6.6202725383689232E-003
   10.000000000000000        6.2802913673190731E-003
   10.125000000000000        5.9441423732238844E-003
   10.250000000000000        5.6115779880583447E-003
   10.375000000000000        5.2823602554830850E-003
   10.500000000000000        4.9562600402716425E-003
   10.625000000000000        4.6330562922128260E-003
   10.750000000000000        4.3125353590265560E-003
   10.875000000000000        3.9944903430384152E-003
   11.000000000000000        3.6787204974041156E-003
   11.125000000000000        3.3650306573154288E-003
   11.250000000000000        3.0532307024747616E-003
   11.375000000000000        2.7431350478150408E-003
   11.500000000000000        2.4345621585536879E-003
   11.625000000000000        2.1273340872454572E-003
   11.750000000000000        1.8212760297983556E-003
   11.875000000000000        1.5162158980727403E-003
   12.000000000000000        1.2119839065725529E-003
   12.125000000000000        9.0841217090811995E-004
   12.250000000000000        6.0533431632315226E-004
   12.375000000000000        3.0258509340818306E-004
