   0.0000000000000000       0.39371096911556208     
  0.12500000000000000       0.40713043321053022     
  0.25000000000000000       0.45332523695622440     
  0.37500000000000000       0.55807619682547616     
  0.50000000000000000       0.81998842490599655     
  0.62500000000000000        2.0069759346817251     
  0.75000000000000000       -2.8027233036004220     
  0.87500000000000000      -0.75637669107308114     
   1.0000000000000000      -0.42334020300753317     
   1.1250000000000000      -0.29194338374972945     
   1.2500000000000000      -0.22528743918864905     
   1.3750000000000000      -0.18853392113250880     
   1.5000000000000000      -0.16964848411212316     
   1.6250000000000000      -0.16509403697422764     
   1.7500000000000000      -0.17784836685605313     
   1.8750000000000000      -0.22587221628909748     
   2.0000000000000000      -0.42661973003308573     
   2.1250000000000000        1.4730743312650310     
   2.2500000000000000       0.21794117953841763     
   2.3750000000000000       0.10846037467273897     
   2.5000000000000000        6.9827875977921797E-002
   2.6250000000000000        5.1022495924411208E-002
   2.7500000000000000        4.0358413798699352E-002
   2.8750000000000000        3.3740889543861015E-002
   3.0000000000000000        2.9381946280483115E-002
   3.1250000000000000        2.6386185891614372E-002
   3.2500000000000000        2.4260963224359049E-002
   3.3750000000000000        2.2715933538583016E-002
   3.5000000000000000        2.1570753630832034E-002
   3.6250000000000000        2.0708664669416840E-002
   3.7500000000000000        2.0051492116748934E-002
   3.8750000000000000        1.9545420817755333E-002
   4.0000000000000000        1.9152528695987409E-002
   4.1250000000000000        1.8845555044932415E-002
   4.2500000000000000        1.8604563088180252E-002
   4.3750000000000000        1.8414751963394749E-002
   4.5000000000000000        1.8264987824064386E-002
   4.6250000000000000        1.8146796985055672E-002
   4.7500000000000000        1.8053662965845957E-002
   4.8750000000000000        1.7980527601144866E-002
   5.0000000000000000        1.7923431740406136E-002
   5.1250000000000000        1.7879253029908466E-002
   5.2500000000000000        1.7845512234822766E-002
   5.3750000000000000        1.7820228613473345E-002
   5.5000000000000000        1.7801810835689789E-002
   5.6250000000000000        1.7788973951295452E-002
   5.7500000000000000        1.7780675651287835E-002
   5.8750000000000000        1.7776066955623802E-002
   6.0000000000000000        1.7774453785435532E-002
   6.1250000000000000        1.7775266815596345E-002
   6.2500000000000000        1.7778037675050515E-002
   6.3750000000000000        1.7782380048814904E-002
   6.5000000000000000        1.7787974590184594E-002
   6.6250000000000000        1.7794556813435697E-002
   6.7500000000000000        1.7801907332075276E-002
   6.8750000000000000        1.7809843952767697E-002
   7.0000000000000000        1.7818215245507814E-002
   7.1250000000000000        1.7826895293628894E-002
   7.2500000000000000        1.7835779391369364E-002
   7.3750000000000000        1.7844780505702998E-002
   7.5000000000000000        1.7853826357125017E-002
   7.6250000000000000        1.7862857003740584E-002
   7.7500000000000000        1.7871822836194751E-002
   7.8750000000000000        1.7880682908874866E-002
   8.0000000000000000        1.7889403547772686E-002
   8.1250000000000000        1.7897957186085875E-002
   8.2500000000000000        1.7906321388278416E-002
   8.3750000000000000        1.7914478030503018E-002
   8.5000000000000000        1.7922412610807209E-002
   8.6250000000000000        1.7930113667624169E-002
   8.7500000000000000        1.7937572288804257E-002
   8.8750000000000000        1.7944781696437040E-002
   9.0000000000000000        1.7951736895106832E-002
   9.1250000000000000        1.7958434373855178E-002
   9.2500000000000000        1.7964871853061882E-002
   9.3750000000000000        1.7971048069257600E-002
   9.5000000000000000        1.7976962592404701E-002
   9.6250000000000000        1.7982615670156840E-002
   9.7500000000000000        1.7988008095203182E-002
   9.8750000000000000        1.7993141092477821E-002
   10.000000000000000        1.7998016222692644E-002
   10.125000000000000        1.8002635300405960E-002
   10.250000000000000        1.8007000323909231E-002
   10.375000000000000        1.8011113415632454E-002
   10.500000000000000        1.8014976771177624E-002
   10.625000000000000        1.8018592616036121E-002
   10.750000000000000        1.8021963168676762E-002
   10.875000000000000        1.8025090609075273E-002
   11.000000000000000        1.8027977051954525E-002
   11.125000000000000        1.8030624524271770E-002
   11.250000000000000        1.8033034945813833E-002
   11.375000000000000        1.8035210113105059E-002
   11.500000000000000        1.8037151685587414E-002
   11.625000000000000        1.8038861174222331E-002
   11.750000000000000        1.8040339931822840E-002
   11.875000000000000        1.8041589145207849E-002
   12.000000000000000        1.8042609828688820E-002
   12.125000000000000        1.8043402818723239E-002
   12.250000000000000        1.8043968770008769E-002
   12.375000000000000        1.8044308152307606E-002
