   0.0000000000000000        0.0000000000000000     
  0.12500000000000000        1.0637671299384977E-015
  0.25000000000000000        1.2710665853177261E-015
  0.37500000000000000        1.3417739141985408E-015
  0.50000000000000000       -9.6728181020466768E-016
  0.62500000000000000       -1.3350431871117506E-016
  0.75000000000000000       -1.4269141423994823E-015
  0.87500000000000000        1.1664280652468051E-015
   1.0000000000000000        2.3991919562149632E-015
   1.1250000000000000        1.9823032104682171E-015
   1.2500000000000000        4.0000000000000009     
   1.3750000000000000       -2.3969715101657130E-015
   1.5000000000000000       -3.3306690738754696E-016
   1.6250000000000000       -1.4466206010865789E-015
   1.7500000000000000        6.4864780213724774E-016
   1.8750000000000000        1.2073675392798577E-015
   2.0000000000000000       -3.6720626539477056E-015
   2.1250000000000000       -3.5471625636773750E-016
   2.2500000000000000        3.8802294710649222E-016
   2.3750000000000000       -6.3116178949940145E-016
   2.5000000000000000        1.7452705947107462E-015
   2.6250000000000000       -3.0142555118572998E-015
   2.7500000000000000        1.5931700403370997E-016
   2.8750000000000000       -2.6184610035784318E-015
   3.0000000000000000        1.5498713423767186E-015
   3.1250000000000000       -2.4630297801309096E-015
   3.2500000000000000       -4.2849057635407915E-015
   3.3750000000000000       -6.9833028248922345E-015
   3.5000000000000000       -4.1266989825317071E-015
   3.6250000000000000       -2.5979218776228661E-015
   3.7500000000000000        4.3065551125209821E-015
   3.8750000000000000        4.6701531530857207E-015
   4.0000000000000000        3.4738878440521147E-015
   4.1250000000000000        5.1958437552457323E-015
   4.2500000000000000       -7.2164496600635175E-016
   4.3750000000000000        2.6800783814451280E-015
   4.5000000000000000        4.6807002718196596E-015
   4.6250000000000000        1.2018164241567319E-015
   4.7500000000000000        2.0816681711721685E-016
   4.8750000000000000       -2.5329738306822948E-015
   5.0000000000000000       -3.6248781754011359E-015
   5.1250000000000000        1.2340128918708615E-015
   5.2500000000000000        8.5265128291212019E-016
   5.3750000000000000       -3.0009328355617983E-015
   5.5000000000000000       -1.3095080575453722E-014
   5.6250000000000000        7.2153394370388918E-015
   5.7500000000000000        3.4594549447319878E-015
   5.8750000000000000        3.7836400679225333E-015
   6.0000000000000000        5.4667381732542710E-015
   6.1250000000000000        4.7328807539770426E-015
   6.2500000000000000        2.0594637106796655E-015
   6.3750000000000000        1.9728663147589031E-015
   6.5000000000000000        9.6367358537463585E-016
   6.6250000000000000        4.7895021282329254E-015
   6.7500000000000000        4.3964831775156201E-015
   6.8750000000000000       -1.2030376694838196E-014
   7.0000000000000000        2.6423307986078724E-016
   7.1250000000000000       -3.0253577421035516E-015
   7.2500000000000000        6.3327121324618928E-015
   7.3750000000000000       -1.7913448502326903E-015
   7.5000000000000000        6.6557870326278136E-016
   7.6250000000000000        5.3984594572398237E-015
   7.7500000000000000       -1.1942113964380496E-014
   7.8750000000000000        1.2266299087571042E-014
   8.0000000000000000        1.5576429035490946E-015
   8.1250000000000000        4.2549297418759128E-015
   8.2500000000000000        2.6911806116913793E-015
   8.3750000000000000        2.7794433421490794E-015
   8.5000000000000000       -2.2792878695554465E-015
   8.6250000000000000       -2.1704860131421811E-016
   8.7500000000000000       -2.3225865675158277E-015
   8.8750000000000000       -9.9675823150846555E-015
   9.0000000000000000       -1.1948775302528247E-014
   9.1250000000000000       -1.1420309142806672E-014
   9.2500000000000000        1.3272716259393747E-015
   9.3750000000000000        8.6375351315837176E-015
   9.5000000000000000       -1.4527268277220174E-015
   9.6250000000000000        5.7187587998441811E-015
   9.7500000000000000       -1.0735301536612950E-014
   9.8750000000000000       -5.3629323204518186E-015
   10.000000000000000       -1.5842882561400983E-015
   10.125000000000000       -5.9019455989073318E-015
   10.250000000000000       -1.3977152768518408E-014
   10.375000000000000        4.5968784334604608E-015
   10.500000000000000        7.6963435624577420E-015
   10.625000000000000       -5.8111848666442257E-015
   10.750000000000000       -5.8669735736316396E-015
   10.875000000000000       -7.8273498793635096E-015
   11.000000000000000       -5.6404880766081078E-015
   11.125000000000000        4.7159498528515086E-015
   11.250000000000000        7.2852834875902777E-015
   11.375000000000000        4.7226111909992598E-015
   11.500000000000000       -1.7241763572428680E-015
   11.625000000000000        1.2760348333529237E-014
   11.750000000000000        1.4779844015322397E-016
   11.875000000000000        4.9189818884798340E-015
   12.000000000000000       -1.4043904927873996E-014
   12.125000000000000       -5.0259796324780840E-015
   12.250000000000000        3.8226366516624920E-015
   12.375000000000000        2.8640631533072280E-015
