   1.60943794       3.21887589    
   2.30258512       4.11087370    
   2.70805025       4.94164228    
   2.99573231       5.44241762    
   3.21887589       5.78074360    
   3.40119743       6.10255861    
   3.55534816       6.37331963    
   3.68887949       6.57088280    
   3.80666256       6.75460386    
   3.91202307       6.89871454    
   4.00733328       7.06561327    
   4.09434462       7.22329569    
   4.17438745       7.35946751    
   4.24849510       7.48211908    
   4.31748819       7.55642796    
   4.38202667       7.66387749    
   4.44265127       7.76131916    
   4.49980974       7.86172724    
   4.55387688       7.95191145    
   4.60517025       8.03689671    
   4.65396023       8.11252785    
   4.70048046       8.20166016    
   4.74493217       8.28374672    
   4.78749180       8.35161114    
   4.82831383       8.42420006    
   4.86753464       8.46884251    
   4.90527487       8.51539135    
   4.94164228       8.56560230    
   4.97673368       8.61975002    
   5.01063538       8.66750813    
   5.04342508       8.71817303    
   5.07517385       8.76327133    
   5.10594559       8.81016159    
   5.13579845       8.84980106    
   5.16478586       8.88364029    
   5.19295692       8.91972065    
   5.22035599       8.94585419    