   8.0000000000000000                   (0.42200000412427768,0.0000000000000000)
   8.0000000000000000            (0.43554757053858950,-2.47122231338565111E-002)
   8.0000000000000000            (0.48213220786935507,-5.48302800227413525E-002)
   8.0000000000000000                 (0.58755191926095973,-0.10059527064498321)
   8.0000000000000000                 (0.85044261151866563,-0.19514025849690653)
   8.0000000000000000                  (2.0387664176468134,-0.58866640819705540)
   8.0000000000000000                  (-2.7691668769155000,0.96737742584329467)
   8.0000000000000000                 (-0.72051843265409132,0.29654883804421328)
   8.0000000000000000                 (-0.38448514680847767,0.18293556349814769)
   8.0000000000000000                 (-0.24915177214691620,0.13513182828265444)
   8.0000000000000000                 (-0.17722686963697520,0.10841388163957255)
   8.0000000000000000            (-0.13320484656036122,9.11579223406822209E-002)
   8.0000000000000000            (-0.10382455442689990,7.89876545410002212E-002)
   8.0000000000000000       (-8.30268328715860759E-002,6.98813621939251145E-002)
   8.0000000000000000       (-6.76600161579092585E-002,6.27728414708617760E-002)
   8.0000000000000000       (-5.59285827630011667E-002,5.70447126660338574E-002)
   8.0000000000000000              (1.9532619773553754,5.23136597076458293E-002)
   8.0000000000000000       (-3.93852717977893826E-002,4.83284543737196523E-002)
   8.0000000000000000       (-3.33994283877762227E-002,4.49171638173848989E-002)
   8.0000000000000000       (-2.84541156470011110E-002,4.19578907089867767E-002)
   8.0000000000000000       (-2.43165803918590703E-002,3.93616334498661860E-002)
   8.0000000000000000       (-2.08167749758411021E-002,3.70617749367753505E-002)
   8.0000000000000000       (-1.78278570374038325E-002,3.50073823555541175E-002)
   8.0000000000000000       (-1.52534891515935245E-002,3.31587928000155741E-002)
   8.0000000000000000       (-1.30193345411945341E-002,3.14846206078636739E-002)
   8.0000000000000000       (-1.10672229501119143E-002,2.99596772746042947E-002)
   8.0000000000000000       (-9.35106202687685170E-003,2.85634935420758934E-002)
   8.0000000000000000       (-7.83391720031712153E-003,2.72792486562400648E-002)
   8.0000000000000000       (-6.48589048485652148E-003,2.60929809864659315E-002)
   8.0000000000000000       (-5.28255597502105302E-003,2.49929968924260879E-002)
   8.0000000000000000       (-4.20378991083627130E-003,2.39694217480872461E-002)
   8.0000000000000000       (-3.23288476345772033E-003,2.30138545339355974E-002)
   8.0000000000000000       (-2.35587066101470557E-003,2.21190989818320048E-002)
   8.0000000000000000       (-1.56099013708441516E-003,2.12789520555870353E-002)
   8.0000000000000000       (-8.38287604370869057E-004,2.04880358971479826E-002)
   8.0000000000000000       (-1.79285612678359491E-004,1.97416630928232244E-002)
   8.0000000000000000        (4.23272580791519406E-004,1.90357277458115953E-002)
   8.0000000000000000        (9.75629296025632168E-004,1.83666167267590268E-002)
   8.0000000000000000        (1.48317892346630704E-003,1.77311368418886402E-002)
   8.0000000000000000        (1.95060320762196408E-003,1.71264546610470185E-002)
   8.0000000000000000        (2.38198186543193318E-003,1.65500464925920042E-002)
   8.0000000000000000        (2.78088357277611479E-003,1.59996565492806983E-002)
   8.0000000000000000        (3.15044122053534208E-003,1.54732617709257905E-002)
   8.0000000000000000        (3.49341448702169665E-003,1.49690420911578626E-002)
   8.0000000000000000        (3.81224212271236195E-003,1.44853551831525401E-002)
   8.0000000000000000        (4.10908584373427706E-003,1.40207149108529938E-002)
   8.0000000000000000        (4.38586734472082729E-003,1.35737728618121768E-002)
   8.0000000000000000        (4.64429964115634780E-003,1.31433024562320148E-002)
   8.0000000000000000        (4.88591371652724680E-003,1.27281852189327013E-002)
   8.0000000000000000        (5.11208126373454211E-003,1.23273988764026291E-002)
   8.0000000000000000        (5.32403416382307496E-003,1.19400069996096585E-002)
   8.0000000000000000        (5.52288122790402757E-003,1.15651499618338385E-002)
   8.0000000000000000        (5.70962263420784349E-003,1.12020370190850493E-002)
   8.0000000000000000        (5.88516241690078320E-003,1.08499393528625476E-002)
   8.0000000000000000        (6.05031930223648168E-003,1.05081839401925791E-002)
   8.0000000000000000        (6.20583613777836874E-003,1.01761481376105804E-002)
   8.0000000000000000        (6.35238812013677601E-003,9.85325488309699363E-003)
   8.0000000000000000        (6.49058999325876664E-003,9.53896843447439753E-003)
   8.0000000000000000        (6.62100236211021070E-003,9.23279057497516237E-003)
   8.0000000000000000        (6.74413724393899475E-003,8.93425722667980961E-003)
   8.0000000000000000        (6.86046296065512262E-003,8.64293542097255979E-003)
   8.0000000000000000        (6.97040845994602049E-003,8.35842058247721759E-003)
   8.0000000000000000        (7.07436714049446483E-003,8.08033408863231134E-003)
   8.0000000000000000        (7.17270024459307296E-003,7.80832107258828435E-003)
   8.0000000000000000        (7.26573987374008658E-003,7.54204844088737000E-003)
   8.0000000000000000        (7.35379167347198145E-003,7.28120308156745676E-003)
   8.0000000000000000        (7.43713722864344264E-003,7.02549024130986414E-003)
   8.0000000000000000        (7.51603620372096048E-003,6.77463205276309949E-003)
   8.0000000000000000        (7.59072825864551617E-003,6.52836619571983343E-003)
   8.0000000000000000        (7.66143476621109799E-003,6.28644467805304728E-003)
   8.0000000000000000        (7.72836035421362293E-003,6.04863272306561603E-003)
   8.0000000000000000        (7.79169429190533329E-003,5.81470775295723791E-003)
   8.0000000000000000        (7.85161173820959901E-003,5.58445845780630203E-003)
   8.0000000000000000        (7.90827486703350908E-003,5.35768394183957792E-003)
   8.0000000000000000        (7.96183388279911829E-003,5.13419293878495872E-003)
   8.0000000000000000        (8.01242793775678794E-003,4.91380308993326787E-003)
   8.0000000000000000        (8.06018596189513395E-003,4.69634027822001671E-003)
   8.0000000000000000        (8.10522741373244024E-003,4.48163801332762159E-003)
   8.0000000000000000        (8.14766296054548166E-003,4.26953686236616024E-003)
   8.0000000000000000        (8.18759509488938692E-003,4.05988392238072846E-003)
   8.0000000000000000        (8.22511869338175307E-003,3.85253233010078621E-003)
   8.0000000000000000        (8.26032152389510194E-003,3.64734080563535422E-003)
   8.0000000000000000        (8.29328470525675029E-003,3.44417322719449285E-003)
   8.0000000000000000        (8.32408312449227014E-003,3.24289823328901454E-003)
   8.0000000000000000        (8.35278581486562262E-003,3.04338885025175806E-003)
   8.0000000000000000        (8.37945629872359488E-003,2.84552214262530226E-003)
   8.0000000000000000        (8.40415289764213924E-003,2.64917888412878350E-003)
   8.0000000000000000        (8.42692901285809620E-003,2.45424324707282796E-003)
   8.0000000000000000        (8.44783337831106831E-003,2.26060250886877265E-003)
   8.0000000000000000        (8.46691028850480622E-003,2.06814677346959597E-003)
   8.0000000000000000        (8.48419980286901736E-003,1.87676870627432766E-003)
   8.0000000000000000        (8.49973792840286353E-003,1.68636328151082504E-003)
   8.0000000000000000        (8.51355678210237443E-003,1.49682754011615216E-003)
   8.0000000000000000        (8.52568473436744051E-003,1.30806035734535382E-003)
   8.0000000000000000        (8.53614653450499895E-003,1.11996221875785445E-003)
   8.0000000000000000        (8.54496341941324809E-003,9.32435003500956265E-004)
   8.0000000000000000        (8.55215320611034911E-003,7.45381773938031430E-004)
   8.0000000000000000        (8.55773036885828023E-003,5.58706570491901617E-004)
   8.0000000000000000        (8.56170610165014542E-003,3.72314210969303388E-004)
   8.0000000000000000        (8.56408836614041234E-003,1.86110093114271656E-004)
