   0.0000000000000000        0.0000000000000000     
  0.12500000000000000       -2.4712223133856511E-002
  0.25000000000000000       -5.4830280022741353E-002
  0.37500000000000000      -0.10059527064498321     
  0.50000000000000000      -0.19514025849690653     
  0.62500000000000000      -0.58866640819705540     
  0.75000000000000000       0.96737742584329467     
  0.87500000000000000       0.29654883804421328     
   1.0000000000000000       0.18293556349814769     
   1.1250000000000000       0.13513182828265444     
   1.2500000000000000       0.10841388163957255     
   1.3750000000000000        9.1157922340682221E-002
   1.5000000000000000        7.8987654541000221E-002
   1.6250000000000000        6.9881362193925115E-002
   1.7500000000000000        6.2772841470861776E-002
   1.8750000000000000        5.7044712666033857E-002
   2.0000000000000000        5.2313659707645829E-002
   2.1250000000000000        4.8328454373719652E-002
   2.2500000000000000        4.4917163817384899E-002
   2.3750000000000000        4.1957890708986777E-002
   2.5000000000000000        3.9361633449866186E-002
   2.6250000000000000        3.7061774936775350E-002
   2.7500000000000000        3.5007382355554117E-002
   2.8750000000000000        3.3158792800015574E-002
   3.0000000000000000        3.1484620607863674E-002
   3.1250000000000000        2.9959677274604295E-002
   3.2500000000000000        2.8563493542075893E-002
   3.3750000000000000        2.7279248656240065E-002
   3.5000000000000000        2.6092980986465932E-002
   3.6250000000000000        2.4992996892426088E-002
   3.7500000000000000        2.3969421748087246E-002
   3.8750000000000000        2.3013854533935597E-002
   4.0000000000000000        2.2119098981832005E-002
   4.1250000000000000        2.1278952055587035E-002
   4.2500000000000000        2.0488035897147983E-002
   4.3750000000000000        1.9741663092823224E-002
   4.5000000000000000        1.9035727745811595E-002
   4.6250000000000000        1.8366616726759027E-002
   4.7500000000000000        1.7731136841888640E-002
   4.8750000000000000        1.7126454661047018E-002
   5.0000000000000000        1.6550046492592004E-002
   5.1250000000000000        1.5999656549280698E-002
   5.2500000000000000        1.5473261770925791E-002
   5.3750000000000000        1.4969042091157863E-002
   5.5000000000000000        1.4485355183152540E-002
   5.6250000000000000        1.4020714910852994E-002
   5.7500000000000000        1.3573772861812177E-002
   5.8750000000000000        1.3143302456232015E-002
   6.0000000000000000        1.2728185218932701E-002
   6.1250000000000000        1.2327398876402629E-002
   6.2500000000000000        1.1940006999609658E-002
   6.3750000000000000        1.1565149961833839E-002
   6.5000000000000000        1.1202037019085049E-002
   6.6250000000000000        1.0849939352862548E-002
   6.7500000000000000        1.0508183940192579E-002
   6.8750000000000000        1.0176148137610580E-002
   7.0000000000000000        9.8532548830969936E-003
   7.1250000000000000        9.5389684344743975E-003
   7.2500000000000000        9.2327905749751624E-003
   7.3750000000000000        8.9342572266798096E-003
   7.5000000000000000        8.6429354209725598E-003
   7.6250000000000000        8.3584205824772176E-003
   7.7500000000000000        8.0803340886323113E-003
   7.8750000000000000        7.8083210725882844E-003
   8.0000000000000000        7.5420484408873700E-003
   8.1250000000000000        7.2812030815674568E-003
   8.2500000000000000        7.0254902413098641E-003
   8.3750000000000000        6.7746320527630995E-003
   8.5000000000000000        6.5283661957198334E-003
   8.6250000000000000        6.2864446780530473E-003
   8.7500000000000000        6.0486327230656160E-003
   8.8750000000000000        5.8147077529572379E-003
   9.0000000000000000        5.5844584578063020E-003
   9.1250000000000000        5.3576839418395779E-003
   9.2500000000000000        5.1341929387849587E-003
   9.3750000000000000        4.9138030899332679E-003
   9.5000000000000000        4.6963402782200167E-003
   9.6250000000000000        4.4816380133276216E-003
   9.7500000000000000        4.2695368623661602E-003
   9.8750000000000000        4.0598839223807285E-003
   10.000000000000000        3.8525323301007862E-003
   10.125000000000000        3.6473408056353542E-003
   10.250000000000000        3.4441732271944928E-003
   10.375000000000000        3.2428982332890145E-003
   10.500000000000000        3.0433888502517581E-003
   10.625000000000000        2.8455221426253023E-003
   10.750000000000000        2.6491788841287835E-003
   10.875000000000000        2.4542432470728280E-003
   11.000000000000000        2.2606025088687727E-003
   11.125000000000000        2.0681467734695960E-003
   11.250000000000000        1.8767687062743277E-003
   11.375000000000000        1.6863632815108250E-003
   11.500000000000000        1.4968275401161522E-003
   11.625000000000000        1.3080603573453538E-003
   11.750000000000000        1.1199622187578545E-003
   11.875000000000000        9.3243500350095627E-004
   12.000000000000000        7.4538177393803143E-004
   12.125000000000000        5.5870657049190162E-004
   12.250000000000000        3.7231421096930339E-004
   12.375000000000000        1.8611009311427166E-004
