   0.0000000000000000       0.42200000412427768     
  0.12500000000000000       0.43554757053858950     
  0.25000000000000000       0.48213220786935507     
  0.37500000000000000       0.58755191926095973     
  0.50000000000000000       0.85044261151866563     
  0.62500000000000000        2.0387664176468134     
  0.75000000000000000       -2.7691668769155000     
  0.87500000000000000      -0.72051843265409132     
   1.0000000000000000      -0.38448514680847767     
   1.1250000000000000      -0.24915177214691620     
   1.2500000000000000      -0.17722686963697520     
   1.3750000000000000      -0.13320484656036122     
   1.5000000000000000      -0.10382455442689990     
   1.6250000000000000       -8.3026832871586076E-002
   1.7500000000000000       -6.7660016157909258E-002
   1.8750000000000000       -5.5928582763001167E-002
   2.0000000000000000        1.9532619773553754     
   2.1250000000000000       -3.9385271797789383E-002
   2.2500000000000000       -3.3399428387776223E-002
   2.3750000000000000       -2.8454115647001111E-002
   2.5000000000000000       -2.4316580391859070E-002
   2.6250000000000000       -2.0816774975841102E-002
   2.7500000000000000       -1.7827857037403833E-002
   2.8750000000000000       -1.5253489151593524E-002
   3.0000000000000000       -1.3019334541194534E-002
   3.1250000000000000       -1.1067222950111914E-002
   3.2500000000000000       -9.3510620268768517E-003
   3.3750000000000000       -7.8339172003171215E-003
   3.5000000000000000       -6.4858904848565215E-003
   3.6250000000000000       -5.2825559750210530E-003
   3.7500000000000000       -4.2037899108362713E-003
   3.8750000000000000       -3.2328847634577203E-003
   4.0000000000000000       -2.3558706610147056E-003
   4.1250000000000000       -1.5609901370844152E-003
   4.2500000000000000       -8.3828760437086906E-004
   4.3750000000000000       -1.7928561267835949E-004
   4.5000000000000000        4.2327258079151941E-004
   4.6250000000000000        9.7562929602563217E-004
   4.7500000000000000        1.4831789234663070E-003
   4.8750000000000000        1.9506032076219641E-003
   5.0000000000000000        2.3819818654319332E-003
   5.1250000000000000        2.7808835727761148E-003
   5.2500000000000000        3.1504412205353421E-003
   5.3750000000000000        3.4934144870216967E-003
   5.5000000000000000        3.8122421227123619E-003
   5.6250000000000000        4.1090858437342771E-003
   5.7500000000000000        4.3858673447208273E-003
   5.8750000000000000        4.6442996411563478E-003
   6.0000000000000000        4.8859137165272468E-003
   6.1250000000000000        5.1120812637345421E-003
   6.2500000000000000        5.3240341638230750E-003
   6.3750000000000000        5.5228812279040276E-003
   6.5000000000000000        5.7096226342078435E-003
   6.6250000000000000        5.8851624169007832E-003
   6.7500000000000000        6.0503193022364817E-003
   6.8750000000000000        6.2058361377783687E-003
   7.0000000000000000        6.3523881201367760E-003
   7.1250000000000000        6.4905899932587666E-003
   7.2500000000000000        6.6210023621102107E-003
   7.3750000000000000        6.7441372439389947E-003
   7.5000000000000000        6.8604629606551226E-003
   7.6250000000000000        6.9704084599460205E-003
   7.7500000000000000        7.0743671404944648E-003
   7.8750000000000000        7.1727002445930730E-003
   8.0000000000000000        7.2657398737400866E-003
   8.1250000000000000        7.3537916734719815E-003
   8.2500000000000000        7.4371372286434426E-003
   8.3750000000000000        7.5160362037209605E-003
   8.5000000000000000        7.5907282586455162E-003
   8.6250000000000000        7.6614347662110980E-003
   8.7500000000000000        7.7283603542136229E-003
   8.8750000000000000        7.7916942919053333E-003
   9.0000000000000000        7.8516117382095990E-003
   9.1250000000000000        7.9082748670335091E-003
   9.2500000000000000        7.9618338827991183E-003
   9.3750000000000000        8.0124279377567879E-003
   9.5000000000000000        8.0601859618951339E-003
   9.6250000000000000        8.1052274137324402E-003
   9.7500000000000000        8.1476629605454817E-003
   9.8750000000000000        8.1875950948893869E-003
   10.000000000000000        8.2251186933817531E-003
   10.125000000000000        8.2603215238951019E-003
   10.250000000000000        8.2932847052567503E-003
   10.375000000000000        8.3240831244922701E-003
   10.500000000000000        8.3527858148656226E-003
   10.625000000000000        8.3794562987235949E-003
   10.750000000000000        8.4041528976421392E-003
   10.875000000000000        8.4269290128580962E-003
   11.000000000000000        8.4478333783110683E-003
   11.125000000000000        8.4669102885048062E-003
   11.250000000000000        8.4841998028690174E-003
   11.375000000000000        8.4997379284028635E-003
   11.500000000000000        8.5135567821023744E-003
   11.625000000000000        8.5256847343674405E-003
   11.750000000000000        8.5361465345049990E-003
   11.875000000000000        8.5449634194132481E-003
   12.000000000000000        8.5521532061103491E-003
   12.125000000000000        8.5577303688582802E-003
   12.250000000000000        8.5617061016501454E-003
   12.375000000000000        8.5640883661404123E-003
