   0.0000000000000000       -9.5479180117763459E-016
  0.12500000000000000       -4.6185277824406514E-016
  0.25000000000000000       -5.7176485768195566E-016
  0.37500000000000000        1.2512213487525514E-015
  0.50000000000000000        9.2592600253738054E-016
  0.62500000000000000        7.6383344094210769E-016
  0.75000000000000000       -3.6748382115092682E-016
  0.87500000000000000       -1.7141843500212416E-015
   1.0000000000000000        8.5265128291212019E-016
   1.1250000000000000       -6.3282712403633917E-017
   1.2500000000000000        2.7233770794055091E-015
   1.3750000000000000        1.9928503292021559E-016
   1.5000000000000000       -3.0531133177191807E-017
   1.6250000000000000       -2.4730217873525360E-015
   1.7500000000000000       -3.4527936065842367E-016
   1.8750000000000000        2.9343194540842887E-015
   2.0000000000000000        1.9999999999999989     
   2.1250000000000000       -2.1427304375265522E-015
   2.2500000000000000       -1.1629586182948514E-015
   2.3750000000000000        6.6002758813965559E-016
   2.5000000000000000        3.4194869158454822E-015
   2.6250000000000000        4.1394665473148958E-015
   2.7500000000000000       -4.5602410736478308E-015
   2.8750000000000000        2.4624746686185972E-015
   3.0000000000000000        1.7175150190951172E-015
   3.1250000000000000        1.6353585152728556E-015
   3.2500000000000000        3.7470027081099033E-015
   3.3750000000000000       -2.7766677845875167E-015
   3.5000000000000000        4.3659520443384284E-015
   3.6250000000000000       -1.0155765117758619E-014
   3.7500000000000000       -7.4534822758209890E-015
   3.8750000000000000       -5.3046456116589981E-015
   4.0000000000000000        3.6631808697507037E-015
   4.1250000000000000        3.0797586703101841E-015
   4.2500000000000000       -1.0230705171920817E-015
   4.3750000000000000       -3.5391134467488429E-015
   4.5000000000000000       -1.6525669721545455E-015
   4.6250000000000000        8.4882101347716341E-015
   4.7500000000000000        5.3942961208974792E-015
   4.8750000000000000       -2.7411406477995116E-015
   5.0000000000000000       -4.4117487441042155E-015
   5.1250000000000000       -2.4730217873525360E-015
   5.2500000000000000       -1.3555823130673162E-015
   5.3750000000000000        1.1914080833008710E-015
   5.5000000000000000        2.2681856393091948E-015
   5.6250000000000000       -8.8429263911393725E-015
   5.7500000000000000       -4.6110337770244313E-015
   5.8750000000000000        3.8698905191481006E-015
   6.0000000000000000       -9.4652063964417716E-015
   6.1250000000000000        3.2358837831480967E-015
   6.2500000000000000        1.8543151777256661E-015
   6.3750000000000000        2.2668672494674524E-015
   6.5000000000000000       -3.5218356009281138E-015
   6.6250000000000000       -1.4280243654241077E-015
   6.7500000000000000        7.6728901010625348E-015
   6.8750000000000000        5.6271654003126062E-015
   7.0000000000000000       -1.1410317135585046E-015
   7.1250000000000000       -3.1068203565354225E-015
   7.2500000000000000        1.1632084184753921E-014
   7.3750000000000000       -3.3070768346021852E-015
   7.5000000000000000       -2.0106138975961584E-015
   7.6250000000000000        1.2417844530432376E-015
   7.7500000000000000        2.8807511931461251E-015
   7.8750000000000000       -6.9219630027816944E-015
   8.0000000000000000       -7.8978490414272077E-015
   8.1250000000000000        2.3336887977620790E-015
   8.2500000000000000        1.4237222512036852E-014
   8.3750000000000000        4.0328851369508814E-015
   8.5000000000000000        1.3632983630884610E-014
   8.6250000000000000       -1.3361534101363759E-015
   8.7500000000000000        2.3836488338702110E-015
   8.8750000000000000        2.6367796834847468E-016
   9.0000000000000000        1.0652589921278378E-015
   9.1250000000000000       -1.8546275626363238E-015
   9.2500000000000000       -1.6014967130217884E-015
   9.3750000000000000        7.7160500211448382E-016
   9.5000000000000000        1.5770718064800349E-015
   9.6250000000000000        7.9936057773011271E-015
   9.7500000000000000        4.8178128153608672E-015
   9.8750000000000000        4.7184478546569153E-015
   10.000000000000000        6.2805316503045106E-015
   10.125000000000000        8.5337292787812652E-015
   10.250000000000000        1.1559642132397130E-014
   10.375000000000000       -1.9373391779708983E-016
   10.500000000000000        1.8768320231288273E-014
   10.625000000000000        1.0974554598419672E-015
   10.750000000000000        8.6247675668005288E-015
   10.875000000000000       -1.1440848268762238E-015
   11.000000000000000        1.5083490012557378E-014
   11.125000000000000       -1.2775891455873989E-014
   11.250000000000000       -1.6747714326470487E-015
   11.375000000000000        1.8235413179468197E-015
   11.500000000000000        3.6659564273122672E-015
   11.625000000000000       -3.4838798512737411E-015
   11.750000000000000        1.1550760348200129E-014
   11.875000000000000        7.1498362785860086E-016
   12.000000000000000        9.9864561065032834E-015
   12.125000000000000       -1.9340085088970229E-015
   12.250000000000000        7.3807626677080411E-015
   12.375000000000000       -1.4725998198628075E-014
