   1.60943794       3.66356158    
   2.30258512       4.48863649    
   2.70805025       5.03695250    
   2.99573231       5.48063898    
   3.21887589       5.78382540    
   3.40119743       6.08904505    
   3.55534816       6.33150196    
   3.68887949       6.53378868    
   3.80666256       6.73933649    
   3.91202307       6.90475082    
   4.00733328       7.02908754    
   4.09434462       7.15539646    
   4.17438745       7.28482103    
   4.24849510       7.42237377    
   4.31748819       7.54433203    
   4.38202667       7.67229223    
   4.44265127       7.77863026    
   4.49980974       7.86095619    
   4.55387688       7.96589279    
   4.60517025       8.07558250    
   4.65396023       8.16536331    
   4.70048046       8.24485970    
   4.74493217       8.33375072    
   4.78749180       8.41449547    
   4.82831383       8.48694038    
   4.86753464       8.53777981    
   4.90527487       8.59748173    
   4.94164228       8.64470673    
   4.97673368       8.69081020    
   5.01063538       8.73921585    
   5.04342508       8.78140163    
   5.07517385       8.82364750    
   5.10594559       8.86389828    
   5.13579845       8.90136623    
   5.16478586       8.93682384    
   5.19295692       8.96648407    
   5.22035599       8.99628067    