           0 -0.97750000000000004       0.300000012    
           1 -0.98242363281249989       0.300000012    
           2 -0.89617324815368649       0.300000012    
           3 -0.88367998646498791       0.300000012    
           4 -0.83618096250105733       0.300000012    
           5 -0.79305967336230454       0.300000012    
           6 -0.79056304221301854       0.300000012    
           7 -0.78618823726232701       0.300000012    
           8 -0.77868857904396394       0.300000012    
           9 -0.77368916495476214       0.300000012    
          10 -0.74931455553398796       0.300000012    
          11 -0.74744145980034882       0.300000012    
          12 -0.71369160613595317       0.300000012    
          13 -0.71431924284327064       0.300000012    
          14 -0.65556919380915291       0.300000012    
          15 -0.65744878365673376       0.300000012    
          16 -0.71744863681377680       0.300000012    
          17 -0.72681894932524893       0.300000012    
          18 -0.69056821726958395       0.300000012    
          19 -0.71932104935802588       0.300000012    
          20 -0.74494380304301899       0.300000012    
          21 -0.71431680126538721       0.300000012    
          22 -0.72369419399990109       0.300000012    
          23 -0.68994346139109386       0.300000012    
          24 -0.68057109816707884       0.300000012    


           0 -0.97750000000000004       0.310000002    
           1 -0.99304863281249989       0.310000002    
           2 -0.96179741807556152       0.310000002    
           3 -0.94492485957671279       0.310000002    
           4 -0.85805117774534556       0.310000002    
           5 -0.81243296475173865       0.310000002    
           6 -0.79993652867462883       0.310000002    
           7 -0.78618750495869738       0.310000002    
           8 -0.74868857910117514       0.310000002    
           9 -0.74619150870475781       0.310000002    
          10 -0.76869170378838247       0.310000002    
          11 -0.78743994596064160       0.310000002    
          12 -0.74993848125422180       0.310000002    
          13 -0.77994141105615200       0.310000002    
          14 -0.77118906707726120       0.310000002    
          15 -0.76243975085413462       0.310000002    
          16 -0.74869043439446448       0.310000002    
          17 -0.74119150855981286       0.310000002    
          18 -0.74869209441339379       0.310000002    
          19 -0.75431650843012388       0.310000002    
          20 -0.77431606902277894       0.310000002    
          21 -0.75556450655710761       0.310000002    
          22 -0.77244097152292523       0.310000002    
          23 -0.76243965304909977       0.310000002    
          24 -0.76619043440210566       0.310000002    


           0 -0.97750000000000004       0.319999993    
           1  -1.0130486328124999       0.319999993    
           2 -0.96304585557556155       0.319999993    
           3 -0.90367476204253305       0.319999993    
           4 -0.90117940040921540       0.319999993    
           5 -0.86742959535934305       0.319999993    
           6 -0.86055723206286261       0.319999993    
           7 -0.88180776896624513       0.319999993    
           8 -0.89243110876804943       0.319999993    
           9 -0.87993027881962749       0.319999993    
          10 -0.85930625544696726       0.319999993    
          11 -0.85055786669879330       0.319999993    
          12 -0.83680855016666411       0.319999993    
          13 -0.84368462433201830       0.319999993    
          14 -0.80055908713872415       0.319999993    
          15 -0.82993745632131721       0.319999993    
          16 -0.80243516113622493       0.319999993    
          17 -0.80118730975303620       0.319999993    
          18 -0.80618740724142557       0.319999993    
          19 -0.79118701660880930       0.319999993    
          20 -0.81806318851432736       0.319999993    
          21 -0.79181108881339723       0.319999993    
          22 -0.79118813975868652       0.319999993    
          23 -0.74556318842658131       0.319999993    
          24 -0.79556675287590428       0.319999993    


           0 -0.97750000000000004       0.329999983    
           1  -1.0417986328125000       0.329999983    
           2  -1.0292936094818115       0.329999983    
           3 -0.94366958643675924       0.329999983    
           4 -0.91867627581355960       0.329999983    
           5 -0.88555322841595197       0.329999983    
           6 -0.83118081615402994       0.329999983    
           7 -0.85056006399873796       0.329999983    
           8 -0.84618354999500012       0.329999983    
           9 -0.86180889191015664       0.329999983    
          10 -0.88493267118031949       0.329999983    
          11 -0.86118086463506405       0.329999983    
          12 -0.84993272024495037       0.329999983    
          13 -0.84555859900623087       0.329999983    
          14 -0.84493394073445260       0.329999983    
          15 -0.80930898953588015       0.329999983    
          16 -0.82306177273519254       0.329999983    
          17 -0.83868569829900508       0.329999983    
          18 -0.83243447767982048       0.329999983    
          19 -0.82180996605643131       0.329999983    
          20 -0.83868579609640193       0.329999983    
          21 -0.84180947767218006       0.329999983    
          22 -0.87555923363455690       0.329999983    
          23 -0.80180659693487233       0.329999983    
          24 -0.79181235885961443       0.329999983    


           0 -0.97750000000000004       0.339999974    
           1  -1.0642986328124999       0.339999974    
           2  -1.0661668516693115       0.339999974    
           3  -1.0230417057147134       0.339999974    
           4  -1.0092950748667411       0.339999974    
           5 -0.98054614882227609       0.339999974    
           6 -0.97867339483212334       0.339999974    
           7 -0.95554854114102883       0.339999974    
           8 -0.94117534777022338       0.339999974    
           9 -0.93617647067595544       0.339999974    
          10 -0.92055186121322852       0.339999974    
          11 -0.92055308188584262       0.339999974    
          12 -0.88117808179047774       0.339999974    
          13 -0.90493115796236012       0.339999974    
          14 -0.89742930225328421       0.339999974    
          15 -0.86305488833576149       0.339999974    
          16 -0.88680757383684883       0.339999974    
          17 -0.88868071815829397       0.339999974    
          18 -0.86680557181889384       0.339999974    
          19 -0.88118228081470162       0.339999974    
          20 -0.87243115763431134       0.339999974    
          21 -0.87680684131580988       0.339999974    
          22 -0.89055649946552218       0.339999974    
          23 -0.87868042527347923       0.339999974    
          24 -0.87430635309177551       0.339999974    


           0 -0.97750000000000004       0.349999964    
           1  -1.0836736328124998       0.349999964    
           2  -1.0236653379974365       0.349999964    
           3  -1.0249200261454690       0.349999964    
           4 -0.97429492812295737       0.349999964    
           5 -0.95992388320874045       0.349999964    
           6 -0.97617500594662432       0.349999964    
           7 -0.95742373632766042       0.349999964    
           8 -0.97430020127059946       0.349999964    
           9 -0.94929888279677566       0.349999964    
          10 -0.94180083602478148       0.349999964    
          11 -0.93680142180968562       0.349999964    
          12 -0.93992681238892117       0.349999964    
          13 -0.93805156821778213       0.349999964    
          14 -0.93742671472123307       0.349999964    
          15 -0.94492676353791238       0.349999964    
          16 -0.92680117759659852       0.349999964    
          17 -0.91305259365800029       0.349999964    
          18 -0.89117866776612042       0.349999964    
          19 -0.86930537666658070       0.349999964    
          20 -0.87305708551744798       0.349999964    
          21 -0.85868179241519405       0.349999964    
          22 -0.84680791548496759       0.349999964    
          23 -0.90243384313160280       0.349999964    
          24 -0.91805449735600531       0.349999964    


           0 -0.97750000000000004       0.359999955    
           1  -1.0786736328124999       0.359999955    
           2  -1.0530407286224366       0.359999955    
           3  -1.0280427311930764       0.359999955    
           4  -1.0011696841616256       0.359999955    
           5  -1.0374217836184250       0.359999955    
           6 -0.98429395142315490       0.359999955    
           7 -0.96992310203504506       0.359999955    
           8 -0.96304922475765353       0.359999955    
           9 -0.98929976177931578       0.359999955    
          10 -0.96554771095611103       0.359999955    
          11 -0.98429956658508155       0.359999955    
          12 -0.98929810159636045       0.359999955    
          13 -0.99554771108581275       0.359999955    
          14 -0.96492222283507145       0.359999955    
          15 -0.95179961545134106       0.359999955    
          16 -0.94180064065504288       0.359999955    
          17 -0.96242642182494875       0.359999955    
          18 -0.94617481043579488       0.359999955    
          19 -0.94367608009293458       0.359999955    
          20 -0.93992627530624273       0.359999955    
          21 -0.92805156825974167       0.359999955    
          22 -0.90617749597122965       0.359999955    
          23 -0.89305420488312737       0.359999955    
          24 -0.89805523014024347       0.359999955    


           0 -0.97750000000000004       0.369999945    
           1  -1.0780486328124999       0.369999945    
           2  -1.0992907774505616       0.369999945    
           3  -1.0586641179080116       0.369999945    
           4  -1.0586672918657885       0.369999945    
           5  -1.0555422916178230       0.369999945    
           6  -1.0630425357584672       0.369999945    
           7  -1.0349169498018937       0.369999945    
           8  -1.0574191471132968       0.369999945    
           9  -1.0536673891291317       0.369999945    
          10  -1.0755426822352243       0.369999945    
          11  -1.0917909732279503       0.369999945    
          12  -1.0549147038302167       0.369999945    
          13  -1.0455425847887634       0.369999945    
          14  -1.0599183169855635       0.369999945    
          15  -1.0605421938814856       0.369999945    
          16  -1.0374171451411029       0.369999945    
          17  -1.0580439517855360       0.369999945    
          18  -1.0411673403162667       0.369999945    
          19  -1.0511686588015379       0.369999945    
          20  -1.0630428774485312       0.369999945    
          21  -1.0386669497751992       0.369999945    
          22  -1.0067938541445489       0.369999945    
          23 -0.99992134423014489       0.369999945    
          24 -0.98617188114498200       0.369999945    


           0 -0.97750000000000004       0.379999936    
           1  -1.1330486328125000       0.379999936    
           2  -1.1717864805755616       0.379999936    
           3  -1.1824084541812050       0.379999936    
           4  -1.1767826243395172       0.379999936    
           5  -1.1661580638574736       0.379999936    
           6  -1.1592838939012611       0.379999936    
           7  -1.1292844309457890       0.379999936    
           8  -1.1261617746538324       0.379999936    
           9  -1.1005370186113552       0.379999936    
          10  -1.0974140205454210       0.379999936    
          11  -1.0905392645296450       0.379999936    
          12  -1.1136648016199586       0.379999936    
          13  -1.0786629949373734       0.379999936    
          14  -1.0649157294535205       0.379999936    
          15  -1.0686668034586364       0.379999936    
          16  -1.0667915104059800       0.379999936    
          17  -1.0630416569132495       0.379999936    
          18  -1.0361669498705537       0.379999936    
          19  -1.0480440494570413       0.379999936    
          20  -1.0261681215586362       0.379999936    
          21  -1.0480448306155032       0.379999936    
          22  -1.0374181214976081       0.379999936    
          23  -1.0392939517092581       0.379999936    
          24  -1.0511688051600228       0.379999936    


           0 -0.97750000000000004       0.389999926    
           1  -1.1274236328125000       0.389999926    
           2  -1.1755369200286865       0.389999926    
           3  -1.1674081611781226       0.389999926    
           4  -1.1505337962374080       0.389999926    
           5  -1.1605351145471690       0.389999926    
           6  -1.1636593331941760       0.389999926    
           7  -1.1674090891145943       0.389999926    
           8  -1.1780337961649130       0.389999926    
           9  -1.1461579661096746       0.389999926    
          10  -1.1717854564088976       0.389999926    
          11  -1.1236584542612180       0.389999926    
          12  -1.1380372141832609       0.389999926    
          13  -1.1411610908426419       0.389999926    
          14  -1.1280358467897778       0.389999926    
          15  -1.1161618721994695       0.389999926    
          16  -1.0905377998537344       0.389999926    
          17  -1.0949148017343864       0.389999926    
          18  -1.1011644597811143       0.389999926    
          19  -1.1192889715265795       0.389999926    
          20  -1.1261625555490995       0.389999926    
          21  -1.1211620185503477       0.389999926    
          22  -1.1092874092173008       0.389999926    
          23  -1.0711633369211548       0.389999926    
          24  -1.0905413153643031       0.389999926    


           0 -0.97750000000000004       0.399999917    
           1  -1.1530486328125000       0.399999917    
           2  -1.1811599180755616       0.399999917    
           3  -1.1686577218814003       0.399999917    
           4  -1.1449086986154779       0.399999917    
           5  -1.1330355540079207       0.399999917    
           6  -1.1505364815973431       0.399999917    
           7  -1.1424101143373753       0.399999917    
           8  -1.1355357492098173       0.399999917    
           9  -1.1536612862695930       0.399999917    
          10  -1.1467848702120103       0.399999917    
          11  -1.1780354074320147       0.399999917    
          12  -1.1330329659837943       0.399999917    
          13  -1.1711614817995326       0.399999917    
          14  -1.1730335030092345       0.399999917    
          15  -1.1736583567575773       0.399999917    
          16  -1.1524083079408782       0.399999917    
          17  -1.1455349681009421       0.399999917    
          18  -1.1455355050806171       0.399999917    
          19  -1.1205355050386656       0.399999917    
          20  -1.1267874581636688       0.399999917    
          21  -1.1380369697298309       0.399999917    
          22  -1.1780360908617400       0.399999917    
          23  -1.1605329659304013       0.399999917    
          24  -1.1474093333620368       0.399999917    


           0 -0.97750000000000004       0.409999907    
           1  -1.1586736328125000       0.409999907    
           2  -1.1767844786224364       0.409999907    
           3  -1.2161580637126077       0.409999907    
           4  -1.2199049876512724       0.409999907    
           5  -1.2274046949228399       0.409999907    
           6  -1.2011541090082092       0.409999907    
           7  -1.2199061598352336       0.409999907    
           8  -1.2299046948312629       0.409999907    
           9  -1.2099039136957161       0.409999907    
          10  -1.1930304762567425       0.409999907    
          11  -1.2124067944940424       0.409999907    
          12  -1.2111552807191801       0.409999907    
          13  -1.2274053784936938       0.409999907    
          14  -1.2192791089548052       0.409999907    
          15  -1.2511547438196129       0.409999907    
          16  -1.2530272535356390       0.409999907    
          17  -1.2180271072458175       0.409999907    
          18  -1.2480298416322464       0.409999907    
          19  -1.2686524976686224       0.409999907    
          20  -1.2580258865236196       0.409999907    
          21  -1.2711517167276154       0.409999907    
          22  -1.2424006912721306       0.409999907    
          23  -1.2155279374459944       0.409999907    
          24  -1.2180300368798871       0.409999907    


           0 -0.97750000000000004       0.419999897    
           1  -1.1811736328125000       0.419999897    
           2  -1.2242827208099365       0.419999897    
           3  -1.2317793529124368       0.419999897    
           4  -1.2424037672380537       0.419999897    
           5  -1.2311529372056844       0.419999897    
           6  -1.2455288161767808       0.419999897    
           7  -1.2199026930612362       0.419999897    
           8  -1.2236546951021046       0.419999897    
           9  -1.2361544019769450       0.419999897    
          10  -1.2161534254373456       0.419999897    
          11  -1.2217799880136377       0.419999897    
          12  -1.2167795484384365       0.419999897    
          13  -1.2142799390977783       0.419999897    
          14  -1.2461551343797581       0.419999897    
          15  -1.2236526441301265       0.419999897    
          16  -1.2367794021371774       0.419999897    
          17  -1.2255283766092080       0.419999897    
          18  -1.2067792555955774       0.419999897    
          19  -1.2180307203706566       0.419999897    
          20  -1.1949048413499710       0.419999897    
          21  -1.2380316480592695       0.419999897    
          22  -1.2542782787774953       0.419999897    
          23  -1.2674020095094705       0.419999897    
          24  -1.2699009842180071       0.419999897    


           0 -0.97750000000000004       0.429999888    
           1  -1.2117986328124999       0.429999888    
           2  -1.2424053282318115       0.429999888    
           3  -1.2242779370837318       0.429999888    
           4  -1.2174043532861654       0.429999888    
           5  -1.2455298902848995       0.429999888    
           6  -1.2405276929773215       0.429999888    
           7  -1.2624030837739861       0.429999888    
           8  -1.2586513747590802       0.429999888    
           9  -1.2905266678613470       0.429999888    
          10  -1.2798991776040733       0.429999888    
          11  -1.2886500078767498       0.429999888    
          12  -1.2911493242181349       0.429999888    
          13  -1.2680241289590455       0.429999888    
          14  -1.2655259356149251       0.429999888    
          15  -1.2786511307862802       0.429999888    
          16  -1.2755251053804073       0.429999888    
          17  -1.2830253496011421       0.429999888    
          18  -1.2811497636445626       0.429999888    
          19  -1.2980249101747154       0.429999888    
          20  -1.3080235918038925       0.429999888    
          21  -1.2998978106568904       0.429999888    
          22  -1.3155234454835425       0.429999888    
          23  -1.2648972247308217       0.429999888    
          24  -1.2555261799043180       0.429999888    


           0 -0.97750000000000004       0.439999878    
           1  -1.2030486328124999       0.439999878    
           2  -1.2530310118255614       0.439999878    
           3  -1.2999021069522012       0.439999878    
           4  -1.3036484451478945       0.439999878    
           5  -1.2717731524652229       0.439999878    
           6  -1.3024006427224637       0.439999878    
           7  -1.3155232499497873       0.439999878    
           8  -1.3098972247460978       0.439999878    
           9  -1.3342726642793168       0.439999878    
          10  -1.3498957599481032       0.439999878    
          11  -1.3217695393937541       0.439999878    
          12  -1.3292717367547349       0.439999878    
          13  -1.3186461506455660       0.439999878    
          14  -1.3261469807694808       0.439999878    
          15  -1.3242713947671274       0.439999878    
          16  -1.3361465412972837       0.439999878    
          17  -1.3148956135514611       0.439999878    
          18  -1.2948972737801911       0.439999878    
          19  -1.2980238361504859       0.439999878    
          20  -1.3361485918878009       0.439999878    
          21  -1.3405206133912588       0.439999878    
          22  -1.3430202718270789       0.439999878    
          23  -1.3580200765412636       0.439999878    
          24  -1.3392689046815200       0.439999878    


           0 -0.97750000000000004       0.449999869    
           1  -1.2042986328124998       0.449999869    
           2  -1.2974059141693115       0.449999869    
           3  -1.3292736401629555       0.449999869    
           4  -1.3480211504968622       0.449999869    
           5  -1.3448946858476174       0.449999869    
           6  -1.3642699301026682       0.449999869    
           7  -1.3586434164117107       0.449999869    
           8  -1.3648938559830930       0.449999869    
           9  -1.3780183676675011       0.449999869    
          10  -1.3911423423150260       0.449999869    
          11  -1.4167663170045066       0.449999869    
          12  -1.4355143151314840       0.449999869    
          13  -1.4236378504441303       0.449999869    
          14  -1.3855137782929341       0.449999869    
          15  -1.4105167567360710       0.449999869    
          16  -1.4048898033783801       0.449999869    
          17  -1.3686402429841109       0.449999869    
          18  -1.3736430749810169       0.449999869    
          19  -1.4005176841347671       0.449999869    
          20  -1.4155155845559271       0.449999869    
          21  -1.4023894128449563       0.449999869    
          22  -1.4198904383271216       0.449999869    
          23  -1.4036390710595057       0.449999869    
          24  -1.3967653406975733       0.449999869    


           0 -0.97750000000000004       0.459999859    
           1  -1.2224236328125000       0.459999859    
           2  -1.2974044981536865       0.459999859    
           3  -1.3417736402735818       0.459999859    
           4  -1.3642701739343537       0.459999859    
           5  -1.3917684163926614       0.459999859    
           6  -1.4023912680924693       0.459999859    
           7  -1.4067654381821801       0.459999859    
           8  -1.3798900964501419       0.459999859    
           9  -1.3905171960862148       0.459999859    
          10  -1.3917663658440558       0.459999859    
          11  -1.4061412682526686       0.459999859    
          12  -1.4092651452134177       0.459999859    
          13  -1.4111399011605301       0.459999859    
          14  -1.4261397546952219       0.459999859    
          15  -1.4398885828316645       0.459999859    
          16  -1.4342625087044665       0.459999859    
          17  -1.4761379482415073       0.459999859    
          18  -1.4573846767227936       0.459999859    
          19  -1.4705111418221311       0.459999859    
          20  -1.4698851163170452       0.459999859    
          21  -1.4817601652252876       0.459999859    
          22  -1.4498842374870917       0.459999859    
          23  -1.4667617277939462       0.459999859    
          24  -1.4605104092400161       0.459999859    


           0 -0.97750000000000004       0.469999850    
           1  -1.2274236328124999       0.469999850    
           2  -1.2930291075286866       0.469999850    
           3  -1.3267739821009743       0.469999850    
           4  -1.3511463457826483       0.469999850    
           5  -1.3467694416917357       0.469999850    
           6  -1.3498947836373680       0.469999850    
           7  -1.3642695394700284       0.469999850    
           8  -1.4155184164422290       0.469999850    
           9  -1.4361394126237155       0.469999850    
          10  -1.4223878016083886       0.469999850    
          11  -1.4405138759529992       0.469999850    
          12  -1.4530124598534411       0.469999850    
          13  -1.4636364834015740       0.469999850    
          14  -1.4592606533997343       0.469999850    
          15  -1.4498859952614531       0.469999850    
          16  -1.4711367276566201       0.469999850    
          17  -1.4486350674431518       0.469999850    
          18  -1.4411368253853560       0.469999850    
          19  -1.4711374111855167       0.469999850    
          20  -1.4998850673897510       0.469999850    
          21  -1.4880078214791104       0.469999850    
          22  -1.4867587493889471       0.469999850    
          23  -1.4648838469727039       0.469999850    
          24  -1.4742605559494553       0.469999850    


           0 -0.97750000000000004       0.479999840    
           1  -1.2105486328124999       0.479999840    
           2  -1.3149054258880613       0.479999840    
           3  -1.3505222730136024       0.479999840    
           4  -1.3705194904474209       0.479999840    
           5  -1.4017679281648088       0.479999840    
           6  -1.4342654868806122       0.479999840    
           7  -1.4305129480088374       0.479999840    
           8  -1.4198882411759368       0.479999840    
           9  -1.4042640712311580       0.479999840    
          10  -1.4367652918694349       0.479999840    
          11  -1.4261377527115726       0.479999840    
          12  -1.4511385829880694       0.479999840    
          13  -1.4655116297982038       0.479999840    
          14  -1.4511355069039220       0.479999840    
          15  -1.4698866300385232       0.479999840    
          16  -1.4780101651070283       0.479999840    
          17  -1.4455095304558512       0.479999840    
          18  -1.4917620695679332       0.479999840    
          19  -1.4798834560883152       0.479999840    
          20  -1.4755093841049933       0.479999840    
          21  -1.4848847258293667       0.479999840    
          22  -1.4723839933807945       0.479999840    
          23  -1.4717599700005173       0.479999840    
          24  -1.4942600187523436       0.479999840    


           0 -0.97750000000000004       0.489999831    
           1  -1.2411736328125000       0.489999831    
           2  -1.3242780333099364       0.489999831    
           3  -1.3817715407786477       0.489999831    
           4  -1.3911420490983766       0.489999831    
           5  -1.4305163170274142       0.489999831    
           6  -1.4686382409127321       0.489999831    
           7  -1.4717602626374287       0.489999831    
           8  -1.4855100187294814       0.489999831    
           9  -1.4736339445297866       0.489999831    
          10  -1.4605098723480836       0.489999831    
          11  -1.4867608976662228       0.489999831    
          12  -1.4761338468048697       0.489999831    
          13  -1.4855096770432183       0.489999831    
          14  -1.4723839445564808       0.489999831    
          15  -1.5036349700043314       0.489999831    
          16  -1.5073825285179685       0.489999831    
          17  -1.5092572357399596       0.489999831    
          18  -1.5255070892784579       0.489999831    
          19  -1.5105058197586501       0.489999831    
          20  -1.4992569917328313       0.489999831    
          21  -1.5023828705475208       0.489999831    
          22  -1.5292576263382387       0.489999831    
          23  -1.5242555267479423       0.489999831    
          24  -1.5292559175369729       0.489999831    


           0 -0.97750000000000004       0.499999821    
           1  -1.2424236328125000       0.499999821    
           2  -1.3142779356536867       0.499999821    
           3  -1.3911473220362771       0.499999821    
           4  -1.4042663166154659       0.499999821    
           5  -1.4180152916940145       0.499999821    
           6  -1.4211392175553363       0.499999821    
           7  -1.4117639734986285       0.499999821    
           8  -1.4505147059395704       0.499999821    
           9  -1.4542616785385984       0.499999821    
          10  -1.4755113858063640       0.499999821    
          11  -1.5198847256729839       0.499999821    
          12  -1.5280062590058068       0.499999821    
          13  -1.5273806245110151       0.499999821    
          14  -1.5248806733887101       0.499999821    
          15  -1.5505058686973916       0.499999821    
          16  -1.5430038667290080       0.499999821    
          17  -1.5386294528229119       0.499999821    
          18  -1.5267547945739983       0.499999821    
          19  -1.5111307222816739       0.499999821    
          20  -1.5280069429123215       0.499999821    
          21  -1.5492556244575848       0.499999821    
          22  -1.5548789644043393       0.499999821    
          23  -1.5736285250809059       0.499999821    
          24  -1.5592520602714779       0.499999821    


           0 -0.97750000000000004       0.509999812    
           1  -1.2555486328124998       0.509999812    
           2  -1.3461519102630615       0.509999812    
           3  -1.3892698318820107       0.509999812    
           4  -1.4380164632943844       0.509999812    
           5  -1.4755126549638049       0.509999812    
           6  -1.4886347255738308       0.509999812    
           7  -1.4905087004120645       0.509999812    
           8  -1.4792585540077803       0.509999812    
           9  -1.5423844329254683       0.509999812    
          10  -1.5480045012161776       0.509999812    
          11  -1.5517540621483426       0.509999812    
          12  -1.5667537692138946       0.509999812    
          13  -1.5542525973617802       0.509999812    
          14  -1.5748785740158311       0.509999812    
          15  -1.5942519626114051       0.509999812    
          16  -1.5636254490654209       0.509999812    
          17  -1.5636278417617917       0.509999812    
          18  -1.5667528415748624       0.509999812    
          19  -1.5611275974342522       0.509999812    
          20  -1.5980030369064506       0.509999812    
          21  -1.5855001560127417       0.509999812    
          22  -1.5867511328003117       0.509999812    
          23  -1.5942510350677501       0.509999812    
          24  -1.6061254491378854       0.509999812    


           0 -0.97750000000000004       0.519999802    
           1  -1.2661736328124999       0.519999802    
           2  -1.3574010801849365       0.519999802    
           3  -1.4080189530406104       0.519999802    
           4  -1.4498899985192937       0.519999802    
           5  -1.4842617273438656       0.519999802    
           6  -1.5055090420525510       0.519999802    
           7  -1.5055073821060896       0.519999802    
           8  -1.5005073822357731       0.519999802    
           9  -1.5167577728607629       0.519999802    
          10  -1.5230065032989952       0.519999802    
          11  -1.5380060151169297       0.519999802    
          12  -1.5517548432800692       0.519999802    
          13  -1.5536287691528687       0.519999802    
          14  -1.5661286227524098       0.519999802    
          15  -1.5805026462013476       0.519999802    
          16  -1.5936265232307656       0.519999802    
          17  -1.5711254979278726       0.519999802    
          18  -1.5805022558204742       0.519999802    
          19  -1.5736265232612641       0.519999802    
          20  -1.5792520604278701       0.519999802    
          21  -1.5536266209327789       0.519999802    
          22  -1.5617536229202398       0.519999802    
          23  -1.5898779879982095       0.519999802    
          24  -1.6092507907821878       0.519999802    


           0 -0.97750000000000004       0.529999793    
           1  -1.2717986328124999       0.529999793    
           2  -1.3530256407318115       0.529999793    
           3  -1.4123942948718178       0.529999793    
           4  -1.4542646566957131       0.529999793    
           5  -1.4873863855736957       0.529999793    
           6  -1.5373837979386269       0.529999793    
           7  -1.5755048918907861       0.529999793    
           8  -1.5698769136803210       0.529999793    
           9  -1.5786273533661188       0.529999793    
          10  -1.5680016697380181       0.529999793    
          11  -1.5823774998695519       0.529999793    
          12  -1.5898763767578226       0.529999793    
          13  -1.6205007909080658       0.529999793    
          14  -1.6211233983757103       0.529999793    
          15  -1.6129983497345017       0.529999793    
          16  -1.6298739845039270       0.529999793    
          17  -1.6173726660949606       0.529999793    
          18  -1.6242486427604614       0.529999793    
          19  -1.6073731055747844       0.529999793    
          20  -1.6236244239761271       0.529999793    
          21  -1.6161231543418768       0.529999793    
          22  -1.6248737403785671       0.529999793    
          23  -1.6367480567390329       0.529999793    
          24  -1.6317471290580672       0.529999793    


           0 -0.97750000000000004       0.539999783    
           1  -1.2661736328124999       0.539999783    
           2  -1.3717760801849366       0.539999783    
           3  -1.4355178299937357       0.539999783    
           4  -1.4580128501695315       0.539999783    
           5  -1.5042610927460804       0.539999783    
           6  -1.5061324796021289       0.539999783    
           7  -1.5342573334000309       0.539999783    
           8  -1.5486301361458283       0.539999783    
           9  -1.5630040132706136       0.539999783    
          10  -1.5767528903114632       0.539999783    
          11  -1.5873768161804442       0.539999783    
          12  -1.5923759861862359       0.539999783    
          13  -1.5855005956260790       0.539999783    
          14  -1.5830011327659668       0.539999783    
          15  -1.6055013280365025       0.539999783    
          16  -1.6054995702087473       0.539999783    
          17  -1.6192495703460776       0.539999783    
          18  -1.6242484961273167       0.539999783    
          19  -1.6248731055862402       0.539999783    
          20  -1.6129980567886262       0.539999783    
          21  -1.6411239845268133       0.539999783    
          22  -1.6279967871887089       0.539999783    
          23  -1.6223728127510009       0.539999783    
          24  -1.6267482521240038       0.539999783    


           0 -0.97750000000000004       0.549999774    
           1  -1.2899236328124999       0.549999774    
           2  -1.3623992247161865       0.549999774    
           3  -1.4248935625605690       0.549999774    
           4  -1.4680136801904251       0.549999774    
           5  -1.5042603114312352       0.549999774    
           6  -1.5117574796631694       0.549999774    
           7  -1.5398818939469012       0.549999774    
           8  -1.5611296967270354       0.549999774    
           9  -1.5830030367424432       0.549999774    
          10  -1.6048763278877545       0.549999774    
          11  -1.5961246190368836       0.549999774    
          12  -1.6086253027641380       0.549999774    
          13  -1.6229993261482216       0.549999774    
          14  -1.6423732031776448       0.549999774    
          15  -1.6279966895935019       0.549999774    
          16  -1.6536228127586257       0.549999774    
          17  -1.6517458107177532       0.549999774    
          18  -1.6636209573585377       0.549999774    
          19  -1.6729950296127063       0.549999774    
          20  -1.6592442972633115       0.549999774    
          21  -1.6523703715392764       0.549999774    
          22  -1.6598709085647234       0.549999774    
          23  -1.6473703225852683       0.549999774    
          24  -1.6598712991935480       0.549999774    


           0 -0.97750000000000004       0.559999764    
           1  -1.2980486328124998       0.559999764    
           2  -1.4073985899505614       0.559999764    
           3  -1.4523900469851601       0.559999764    
           4  -1.5023865320275791       0.559999764    
           5  -1.5455076260521856       0.559999764    
           6  -1.5711292572167148       0.559999764    
           7  -1.5717522555267800       0.559999764    
           8  -1.5723772068550368       0.559999764    
           9  -1.5855021580307145       0.559999764    
          10  -1.5867511326439037       0.559999764    
          11  -1.5905010350677622       0.559999764    
          12  -1.5967507421066351       0.559999764    
          13  -1.6217502538482729       0.559999764    
          14  -1.6236233007614180       0.559999764    
          15  -1.6292481544296280       0.559999764    
          16  -1.6286227149879351       0.559999764    
          17  -1.6429977638503914       0.559999764    
          18  -1.6404966407996993       0.559999764    
          19  -1.6467468361999373       0.559999764    
          20  -1.6248713479034220       0.559999764    
          21  -1.6392480569259451       0.559999764    
          22  -1.6261219337455526       0.559999764    
          23  -1.6492479592239260       0.559999764    
          24  -1.6298711525031857       0.559999764    


           0 -0.97750000000000004       0.569999754    
           1  -1.3055486328124999       0.569999754    
           2  -1.3823980040130615       0.569999754    
           3  -1.4461420001559364       0.569999754    
           4  -1.4980120201562377       0.569999754    
           5  -1.5380079678109251       0.569999754    
           6  -1.5580048431275149       0.569999754    
           7  -1.5830032808716306       0.569999754    
           8  -1.5986263278686819       0.569999754    
           9  -1.5923751073181354       0.569999754    
          10  -1.6067505956947405       0.569999754    
          11  -1.6373744726097113       0.569999754    
          12  -1.6529970801193274       0.569999754    
          13  -1.6504958596031156       0.569999754    
          14  -1.6673710550109684       0.569999754    
          15  -1.6761197366363274       0.569999754    
          16  -1.7036190531455753       0.569999754    
          17  -1.7004919047614733       0.569999754    
          18  -1.7023671490699406       0.569999754    
          19  -1.7079920025664790       0.569999754    
          20  -1.6992415631247997       0.569999754    
          21  -1.7036172467528810       0.569999754    
          22  -1.7198669049025974       0.569999754    
          23  -1.6948656353980545       0.569999754    
          24  -1.6917425886222344       0.569999754    


           0 -0.97750000000000004       0.579999745    
           1  -1.3161736328125000       0.579999745    
           2  -1.4148971739349365       0.579999745    
           3  -1.4798894611582865       0.579999745    
           4  -1.5123843836358468       0.579999745    
           5  -1.5430068449700287       0.579999745    
           6  -1.5536294525902365       0.579999745    
           7  -1.5867536226990167       0.579999745    
           8  -1.6073760348732267       0.579999745    
           9  -1.6217494237472756       0.579999745    
          10  -1.6317483008262699       0.579999745    
          11  -1.6411225196639980       0.579999745    
          12  -1.6448717873031513       0.579999745    
          13  -1.6423714943916170       0.579999745    
          14  -1.6404966897270006       0.579999745    
          15  -1.6548718361961150       0.579999745    
          16  -1.6823707131377972       0.579999745    
          17  -1.6804935647880361       0.579999745    
          18  -1.6892437114402510       0.579999745    
          19  -1.7067430278350437       0.579999745    
          20  -1.6986166607009505       0.579999745    
          21  -1.7086172955733827       0.579999745    
          22  -1.6992415142737831       0.579999745    
          23  -1.7167422467566973       0.579999745    
          24  -1.7142408795119721       0.579999745    


           0 -0.97750000000000004       0.589999735    
           1  -1.3080486328124998       0.589999735    
           2  -1.4392728087005617       0.589999735    
           3  -1.5073875568118202       0.589999735    
           4  -1.5423822353471239       0.589999735    
           5  -1.5448795013878636       0.589999735    
           6  -1.5798793062889542       0.589999735    
           7  -1.5992515719291962       0.589999735    
           8  -1.6148750584709430       0.589999735    
           9  -1.6273738378860572       0.589999735    
          10  -1.6254978614189151       0.589999735    
          11  -1.6442480079795765       0.589999735    
          12  -1.6661215431243768       0.589999735    
          13  -1.6654948342544436       0.589999735    
          14  -1.6711198832160739       0.589999735    
          15  -1.6879944437591237       0.589999735    
          16  -1.7154931254340813       0.589999735    
          17  -1.7136159770995756       0.589999735    
          18  -1.7248661237517890       0.589999735    
          19  -1.7361152448340818       0.589999735    
          20  -1.7386143659964972       0.589999735    
          21  -1.7423641707526565       0.589999735    
          22  -1.7461138777991598       0.589999735    
          23  -1.7461135848532969       0.589999735    
          24  -1.7348635848761833       0.589999735    


           0 -0.97750000000000004       0.599999726    
           1  -1.2961736328125000       0.599999726    
           2  -1.4292737364349364       0.599999726    
           3  -1.4723883379893410       0.599999726    
           4  -1.5192599696610947       0.599999726    
           5  -1.5692563078148702       0.599999726    
           6  -1.5880024018509520       0.599999726    
           7  -1.6161259373123553       0.599999726    
           8  -1.6361237401611475       0.599999726    
           9  -1.6504971778327999       0.599999726    
          10  -1.6648710549079817       0.599999726    
          11  -1.6717449319488353       0.599999726    
          12  -1.6848693949271916       0.599999726    
          13  -1.6717433695785211       0.599999726    
          14  -1.6804943950492517       0.599999726    
          15  -1.6942437113753868       0.599999726    
          16  -1.7073676372100488       0.599999726    
          17  -1.6923666119033429       0.599999726    
          18  -1.6942427838584451       0.599999726    
          19  -1.7004926372825111       0.599999726    
          20  -1.6954921490127122       0.599999726    
          21  -1.7148675396758586       0.599999726    
          22  -1.7061160259734629       0.599999726    
          23  -1.6979917096854709       0.599999726    
          24  -1.7036173443976810       0.599999726    


