           0 -0.96222222222222220       0.300000012    
           1 -0.96542191358024687       0.300000012    
           2 -0.91208813584533610       0.300000012    
           3 -0.89653998775891042       0.300000012    
           4 -0.82876436944614462       0.300000012    
           5 -0.82544044939313255       0.300000012    
           6 -0.81210757771536213       0.300000012    
           7 -0.79877609616976175       0.300000012    
           8 -0.78433350331997642       0.300000012    
           9 -0.79989106479120564       0.300000012    
          10 -0.75100001512989012       0.300000012    
          11 -0.69545124999789865       0.300000012    
          12 -0.74545896510416698       0.300000012    
          13 -0.70767424181040217       0.300000012    
          14 -0.72767948968863749       0.300000012    
          15 -0.71767671118198761       0.300000012    
          16 -0.72545587823455815       0.300000012    
          17 -0.70656590890580062       0.300000012    
          18 -0.71434631029042972       0.300000012    
          19 -0.68545634079023743       0.300000012    
          20 -0.68323813106377906       0.300000012    
          21 -0.71768288359290788       0.300000012    
          22 -0.72101143293283432       0.300000012    
          23 -0.71545541507875932       0.300000012    
          24 -0.67990063119235022       0.300000012    


           0 -0.96222222222222220       0.310000002    
           1 -0.93542191358024684       0.310000002    
           2 -0.91653674695644716       0.310000002    
           3 -0.87876159211847837       0.310000002    
           4 -0.85654461644553914       0.310000002    
           5 -0.82876992435882701       0.310000002    
           6 -0.80544044862161679       0.310000002    
           7 -0.83099924438213602       0.310000002    
           8 -0.77877347232716920       0.310000002    
           9 -0.80100294812884343       0.310000002    
          10 -0.74877763847942658       0.310000002    
          11 -0.76322933643910007       0.310000002    
          12 -0.77878288481438351       0.310000002    
          13 -0.79766961348822030       0.310000002    
          14 -0.77544476810923768       0.310000002    
          15 -0.75655896600442929       0.310000002    
          16 -0.77433936681027715       0.310000002    
          17 -0.77767023064349861       0.310000002    
          18 -0.78433643469018832       0.310000002    
          19 -0.78322439771740415       0.310000002    
          20 -0.78322455216698372       0.310000002    
          21 -0.79544677436775457       0.310000002    
          22 -0.77988952128133782       0.310000002    
          23 -0.78544723756648860       0.310000002    
          24 -0.78989091010589352       0.310000002    


           0 -0.96222222222222220       0.319999993    
           1 -0.99653302469135796       0.319999993    
           2  -1.0198615926354595       0.319999993    
           3 -0.98208057477880062       0.319999993    
           4 -0.90319693325350292       0.319999993    
           5 -0.90765233375927035       0.319999993    
           6 -0.93654060384253346       0.319999993    
           7 -0.90875881380502188       0.319999993    
           8 -0.88876267238697160       0.319999993    
           9 -0.85765433851772399       0.319999993    
          10 -0.86543643689742811       0.319999993    
          11 -0.84876868938376426       0.319999993    
          12 -0.87765989323758553       0.319999993    
          13 -0.83098921390371694       0.319999993    
          14 -0.83877347372029110       0.319999993    
          15 -0.78099461479531662       0.319999993    
          16 -0.80433597297016735       0.319999993    
          17 -0.80766606444819866       0.319999993    
          18 -0.79099893526882659       0.319999993    
          19 -0.82322347237010163       0.319999993    
          20 -0.77544121896217078       0.319999993    
          21 -0.79544785538625518       0.319999993    
          22 -0.79988952113119627       0.319999993    
          23 -0.77433334867762060       0.319999993    
          24 -0.77878134259046139       0.319999993    


           0 -0.96222222222222220       0.329999983    
           1  -1.0054219135802469       0.329999983    
           2  -1.0009714691786695       0.329999983    
           3 -0.98208319840705849       0.329999983    
           4 -0.95764137733355459       0.329999983    
           5 -0.93764477203092589       0.329999983    
           6 -0.91653643822610675       0.329999983    
           7 -0.89653936993913530       0.329999983    
           8 -0.90765325842084177       0.329999983    
           9 -0.90209615926966380       0.329999983    
          10 -0.85098581997787925       0.329999983    
          11 -0.86210402974722533       0.329999983    
          12 -0.84432470777364621       0.329999983    
          13 -0.82988273267947588       0.329999983    
          14 -0.83432918295379443       0.329999983    
          15 -0.83432856539125644       0.329999983    
          16 -0.80655078769925115       0.329999983    
          17 -0.82433242350170843       0.329999983    
          18 -0.84432995383006915       0.329999983    
          19 -0.86988273195085686       0.329999983    
          20 -0.81876807184278455       0.329999983    
          21 -0.80321961554557741       0.329999983    
          22 -0.83322177505339645       0.329999983    
          23 -0.82543983030902024       0.329999983    
          24 -0.83655202224579039       0.329999983    


           0 -0.96222222222222220       0.339999974    
           1  -1.0498663580246914       0.339999974    
           2  -1.0442986296724965       0.339999974    
           3  -1.0265216251903233       0.339999974    
           4 -0.99652409421872357       0.339999974    
           5  -1.0231949272091363       0.339999974    
           6 -0.99208011181566536       0.339999974    
           7 -0.96875109998447018       0.339999974    
           8 -0.90319878456944658       0.339999974    
           9 -0.91654122239103208       0.339999974    
          10 -0.92098381371911231       0.339999974    
          11 -0.91320541891476115       0.339999974    
          12 -0.87653983258070622       0.339999974    
          13 -0.89210048057880831       0.339999974    
          14 -0.89765387493325299       0.339999974    
          15 -0.91543088140625928       0.339999974    
          16 -0.92987285682202681       0.339999974    
          17 -0.94653751765877470       0.339999974    
          18 -0.88209075867810294       0.339999974    
          19 -0.87543304295018365       0.339999974    
          20 -0.87098952318847911       0.339999974    
          21 -0.93765680701066823       0.339999974    
          22 -0.89764754766569288       0.339999974    
          23 -0.90876421561837972       0.339999974    
          24 -0.88209600497005303       0.339999974    


           0 -0.96222222222222220       0.349999964    
           1  -1.0409774691358025       0.349999964    
           2  -1.0620776420181754       0.349999964    
           3  -1.0254080447719418       0.349999964    
           4 -0.95874647110489275       0.349999964    
           5 -0.93986684076790206       0.349999964    
           6 -0.92653612960544884       0.349999964    
           7 -0.90431575887088811       0.349999964    
           8 -0.89876328947793460       0.349999964    
           9 -0.88654183843201695       0.349999964    
          10 -0.94432131363355110       0.349999964    
          11 -0.94653551092866195       0.349999964    
          12 -0.93764631451237102       0.349999964    
          13 -0.88653643801187321       0.349999964    
          14 -0.88098798105027620       0.349999964    
          15 -0.87432208500263187       0.349999964    
          16 -0.84765634415486069       0.349999964    
          17 -0.85432671439664520       0.349999964    
          18 -0.87432578795633376       0.349999964    
          19 -0.86210078808500612       0.349999964    
          20 -0.91210248600165489       0.349999964    
          21 -0.92209554132138871       0.349999964    
          22 -0.93098304228592765       0.349999964    
          23 -0.89542625235523798       0.349999964    
          24 -0.88209785746495073       0.349999964    


           0 -0.96222222222222220       0.359999955    
           1  -1.0676441358024691       0.359999955    
           2  -1.0765183827589162       0.359999955    
           3  -1.0765171502246169       0.359999955    
           4  -1.0398504837291356       0.359999955    
           5  -1.0887444652105931       0.359999955    
           6  -1.1031821188242763       0.359999955    
           7  -1.0776245580390522       0.359999955    
           8  -1.0754058854780502       0.359999955    
           9  -1.0509617491825725       0.359999955    
          10  -1.0154095886459469       0.359999955    
          11 -0.99097008200157688       0.359999955    
          12 -0.97652903193305529       0.359999955    
          13  -1.0020865931900094       0.359999955    
          14 -0.95763859908427917       0.359999955    
          15 -0.99097810575012724       0.359999955    
          16 -0.99875125304086798       0.359999955    
          17  -1.0220835067704110       0.359999955    
          18 -0.96096915506850411       0.359999955    
          19 -0.97097764317290713       0.359999955    
          20  -1.0131984753273371       0.359999955    
          21  -1.0198592779895379       0.359999955    
          22 -0.98096946398916807       0.359999955    
          23 -0.93764153201889044       0.359999955    
          24 -0.97875866089833075       0.359999955    


           0 -0.96222222222222220       0.369999945    
           1  -1.0787552469135802       0.369999945    
           2  -1.0242946173268175       0.369999945    
           3  -1.0443021813031490       0.369999945    
           4  -1.0287438469192636       0.369999945    
           5  -1.0754126744657055       0.369999945    
           6  -1.0498506371285463       0.369999945    
           7  -1.0631875207448434       0.369999945    
           8  -1.0476301128443410       0.369999945    
           9  -1.0220767180398829       0.369999945    
          10 -0.99763582267805007       0.369999945    
          11  -1.0298614394690726       0.369999945    
          12 -0.97096807480007374       0.369999945    
          13  -1.0298651433229444       0.369999945    
          14  -1.0131902965078718       0.369999945    
          15  -1.0420815013477072       0.369999945    
          16  -1.0387441553470351       0.369999945    
          17  -1.0098557299784241       0.369999945    
          18 -0.99319307559305847       0.369999945    
          19  -1.0009731676283899       0.369999945    
          20  -1.0209720870600516       0.369999945    
          21  -1.0665248649879084       0.369999945    
          22  -1.0476296493243074       0.369999945    
          23  -1.0620767181042605       0.369999945    
          24  -1.0487413782335966       0.369999945    


           0 -0.96222222222222220       0.379999936    
           1  -1.1243108024691357       0.379999936    
           2  -1.1165105123885459       0.379999936    
           3  -1.1231782624288349       0.379999936    
           4  -1.0987328919079959       0.379999936    
           5  -1.1498473982094572       0.379999936    
           6  -1.1631736323058042       0.379999936    
           7  -1.1676162258844018       0.379999936    
           8  -1.1587267199686271       0.379999936    
           9  -1.1365057324000043       0.379999936    
          10  -1.0820643742038334       0.379999936    
          11  -1.1120719355035829       0.379999936    
          12  -1.0587344344534022       0.379999936    
          13  -1.0587418424396593       0.379999936    
          14  -1.0620751747441055       0.379999936    
          15  -1.0087413784479522       0.379999936    
          16  -1.0031932303641045       0.379999936    
          17 -0.97430511205133830       0.379999936    
          18 -0.99653134651221509       0.379999936    
          19 -0.93763937064631764       0.379999936    
          20 -0.98653643897629917       0.379999936    
          21 -0.95208520327236446       0.379999936    
          22 -0.99431221038843431       0.379999936    
          23  -1.0220841233041127       0.379999936    
          24 -0.99763582164954112       0.379999936    


           0 -0.96222222222222220       0.389999926    
           1  -1.1254219135802468       0.389999926    
           2  -1.0998436914008916       0.389999926    
           3  -1.1487361328206387       0.389999926    
           4  -1.1598404533148858       0.389999926    
           5  -1.1598389110481508       0.389999926    
           6  -1.1509500223734657       0.389999926    
           7  -1.1365068124968924       0.389999926    
           8  -1.1553977073871531       0.389999926    
           9  -1.1853950836517517       0.389999926    
          10  -1.1587242506828261       0.389999926    
          11  -1.1409501771874051       0.389999926    
          12  -1.1465082013642796       0.389999926    
          13  -1.1542852071942551       0.389999926    
          14  -1.1587285714990008       0.389999926    
          15  -1.1631723988095140       0.389999926    
          16  -1.1576162260557208       0.389999926    
          17  -1.1609503310797145       0.389999926    
          18  -1.1242832013429056       0.389999926    
          19  -1.1331771828887023       0.389999926    
          20  -1.0909537253912656       0.389999926    
          21  -1.1620707008714737       0.389999926    
          22  -1.0698386012915457       0.389999926    
          23  -1.0731847446387095       0.389999926    
          24  -1.0954065021188002       0.389999926    


           0 -0.96222222222222220       0.399999917    
           1  -1.1098663580246912       0.399999917    
           2  -1.1787347407836075       0.399999917    
           3  -1.1920585090637799       0.399999917    
           4  -1.1876122140959635       0.399999917    
           5  -1.1798350538591533       0.399999917    
           6  -1.2065028006869640       0.399999917    
           7  -1.1853879857221268       0.399999917    
           8  -1.1765020294464275       0.399999917    
           9  -1.2098365969403546       0.399999917    
          10  -1.1687208560282027       0.399999917    
          11  -1.1598376776588848       0.399999917    
          12  -1.1676166892114364       0.399999917    
          13  -1.1953933865709430       0.399999917    
          14  -1.1820561953629765       0.399999917    
          15  -1.1453913810839773       0.399999917    
          16  -1.1298409178637383       0.399999917    
          17  -1.1265097443169634       0.399999917    
          18  -1.1709546514244003       0.399999917    
          19  -1.1720595896317465       0.399999917    
          20  -1.1609483250569956       0.399999917    
          21  -1.1876165349548531       0.399999917    
          22  -1.1631683865923674       0.399999917    
          23  -1.1842828932796399       0.399999917    
          24  -1.1787244051537114       0.399999917    


           0 -0.96222222222222220       0.409999907    
           1  -1.1554219135802468       0.409999907    
           2  -1.1920617469564472       0.409999907    
           3  -1.1709455469795893       0.409999907    
           4  -1.2020595908962528       0.409999907    
           5  -1.2253886028345977       0.409999907    
           6  -1.2220520293607176       0.409999907    
           7  -1.2376080483292553       0.409999907    
           8  -1.2376058877710652       0.409999907    
           9  -1.2076058880711429       0.409999907    
          10  -1.2387211658488790       0.409999907    
          11  -1.2187168442825209       0.409999907    
          12  -1.2220529559938496       0.409999907    
          13  -1.2576080482005565       0.409999907    
          14  -1.2342697766599724       0.409999907    
          15  -1.1909396847532416       0.409999907    
          16  -1.2031679250437843       0.409999907    
          17  -1.2242773377881884       0.409999907    
          18  -1.2020521837030851       0.409999907    
          19  -1.2131663816411522       0.409999907    
          20  -1.1798315046692165       0.409999907    
          21  -1.1698361345132404       0.409999907    
          22  -1.1642819672035398       0.409999907    
          23  -1.1531716275045552       0.409999907    
          24  -1.1931731706072912       0.409999907    


           0 -0.96222222222222220       0.419999897    
           1  -1.1331996913580247       0.419999897    
           2  -1.2076203889317558       0.419999897    
           3  -1.2220544971682039       0.419999897    
           4  -1.2298302702087267       0.419999897    
           5  -1.2831625235735820       0.419999897    
           6  -1.2609328940939482       0.419999897    
           7  -1.2820470926535981       0.419999897    
           8  -1.2842663823482428       0.419999897    
           9  -1.2553771852246738       0.419999897    
          10  -1.2609367531687188       0.419999897    
          11  -1.2687137587842821       0.419999897    
          12  -1.2720460119779464       0.419999897    
          13  -1.2764899936094476       0.419999897    
          14  -1.3031560430564433       0.419999897    
          15  -1.2931523394384643       0.419999897    
          16  -1.3120426177306337       0.419999897    
          17  -1.3098177718586486       0.419999897    
          18  -1.2787069697539086       0.419999897    
          19  -1.3176001795875343       0.419999897    
          20  -1.3064836666417239       0.419999897    
          21  -1.3009296550462999       0.419999897    
          22  -1.3131526486590213       0.419999897    
          23  -1.3131509510210195       0.419999897    
          24  -1.3320398401456917       0.419999897    


           0 -0.96222222222222220       0.429999888    
           1  -1.1598663580246913       0.429999888    
           2  -1.2131722407836076       0.429999888    
           3  -1.2476092816332245       0.429999888    
           4  -1.2442711653775511       0.429999888    
           5  -1.2820494067825863       0.429999888    
           6  -1.3075997153601693       0.429999888    
           7  -1.2809295000395331       0.429999888    
           8  -1.3064887597916610       0.429999888    
           9  -1.2964852098944732       0.429999888    
          10  -1.2553754881652925       0.429999888    
          11  -1.2853811978488658       0.429999888    
          12  -1.2942659192780765       0.429999888    
          13  -1.2964869075112115       0.429999888    
          14  -1.2764865990406233       0.429999888    
          15  -1.3009338213056887       0.429999888    
          16  -1.3364859814137076       0.429999888    
          17  -1.3142588213914703       0.429999888    
          18  -1.3375952418303623       0.429999888    
          19  -1.3198142228830791       0.429999888    
          20  -1.2842611369134884       0.429999888    
          21  -1.2420438526198734       0.429999888    
          22  -1.2498274939093583       0.429999888    
          23  -1.2498264128480681       0.429999888    
          24  -1.2553819685537710       0.429999888    


           0 -0.96222222222222220       0.439999878    
           1  -1.1620885802469136       0.439999878    
           2  -1.2487274876971879       0.439999878    
           3  -1.2498265656267087       0.439999878    
           4  -1.3120486351992184       0.439999878    
           5  -1.3009288821340002       0.439999878    
           6  -1.3220415376552592       0.439999878    
           7  -1.3509274942308811       0.439999878    
           8  -1.3553679267369125       0.439999878    
           9  -1.3642561988990642       0.439999878    
          10  -1.3431438533057083       0.439999878    
          11  -1.3975912300203741       0.439999878    
          12  -1.4042503345513861       0.439999878    
          13  -1.3875827430090901       0.439999878    
          14  -1.3309183912856932       0.439999878    
          15  -1.3487040391123213       0.439999878    
          16  -1.3398126799945678       0.439999878    
          17  -1.3964805815722230       0.439999878    
          18  -1.3920282665858927       0.439999878    
          19  -1.4386955516296409       0.439999878    
          20  -1.4120224033956070       0.439999878    
          21  -1.3886927746661950       0.439999878    
          22  -1.3898071260035185       0.439999878    
          23  -1.3486958601213883       0.439999878    
          24  -1.3753682366860944       0.439999878    


           0 -0.96222222222222220       0.449999869    
           1  -1.2009774691358024       0.449999869    
           2  -1.2864998642403978       0.449999869    
           3  -1.3198213194632999       0.449999869    
           4  -1.3409278025945190       0.449999869    
           5  -1.2964804266940841       0.449999869    
           6  -1.3409310443851814       0.449999869    
           7  -1.3575915373549463       0.449999869    
           8  -1.3775892233975895       0.449999869    
           9  -1.3631420014967504       0.449999869    
          10  -1.3909217858331253       0.449999869    
          11  -1.4386957053075233       0.449999869    
          12  -1.4386890700409296       0.449999869    
          13  -1.3975779598513833       0.449999869    
          14  -1.4231392252833539       0.449999869    
          15  -1.4364690084409328       0.449999869    
          16  -1.4186893793043833       0.449999869    
          17  -1.3598029598084298       0.449999869    
          18  -1.3842555829222487       0.449999869    
          19  -1.3931410756134832       0.449999869    
          20  -1.3653620637394981       0.449999869    
          21  -1.3542548108244805       0.449999869    
          22  -1.3687007979429411       0.449999869    
          23  -1.3742543471113968       0.449999869    
          24  -1.3875869091184565       0.449999869    


           0 -0.96222222222222220       0.459999859    
           1  -1.2198663580246913       0.459999859    
           2  -1.3020527963391633       0.459999859    
           3  -1.3231524926671752       0.459999859    
           4  -1.3531495621537963       0.459999859    
           5  -1.3431453958941453       0.459999859    
           6  -1.3787023409172368       0.459999859    
           7  -1.3820307357859838       0.459999859    
           8  -1.3775858290644742       0.459999859    
           9  -1.3575864464126299       0.459999859    
          10  -1.4053670018824427       0.459999859    
          11  -1.4309159212497387       0.459999859    
          12  -1.4298012616776041       0.459999859    
          13  -1.4364680831581003       0.459999859    
          14  -1.4298004905440058       0.459999859    
          15  -1.4353569721540913       0.459999859    
          16  -1.3931339781983121       0.459999859    
          17  -1.3886953980585834       0.459999859    
          18  -1.3931404589724918       0.459999859    
          19  -1.4075842860473649       0.459999859    
          20  -1.3909156132936045       0.459999859    
          21  -1.4242512617203757       0.459999859    
          22  -1.4320244095469834       0.459999859    
          23  -1.4542455521653408       0.459999859    
          24  -1.4575757992288658       0.459999859    


           0 -0.96222222222222220       0.469999850    
           1  -1.2131996913580247       0.469999850    
           2  -1.2598315000428670       0.469999850    
           3  -1.3242694678472162       0.469999850    
           4  -1.4175938514627988       0.469999850    
           5  -1.3864697786317413       0.469999850    
           6  -1.3764741014196344       0.469999850    
           7  -1.3909199341525806       0.469999850    
           8  -1.4242512611202567       0.469999850    
           9  -1.4664688539915112       0.469999850    
          10  -1.4331296571036121       0.469999850    
          11  -1.4498009542142911       0.469999850    
          12  -1.4953541943119146       0.469999850    
          13  -1.5075700896952344       0.469999850    
          14  -1.4920128374875423       0.469999850    
          15  -1.4686816648836825       0.469999850    
          16  -1.4742404608798774       0.469999850    
          17  -1.4642396888248776       0.469999850    
          18  -1.4653521889321077       0.469999850    
          19  -1.4486853677515372       0.469999850    
          20  -1.4820210159211455       0.469999850    
          21  -1.4409052748588997       0.469999850    
          22  -1.4131332076007139       0.469999850    
          23  -1.4442481759433887       0.469999850    
          24  -1.4520216321977857       0.469999850    


           0 -0.96222222222222220       0.479999840    
           1  -1.2231996913580248       0.479999840    
           2  -1.2942745555984225       0.479999840    
           3  -1.3531535729783890       0.479999840    
           4  -1.3875898397815307       0.479999840    
           5  -1.3920295014111415       0.479999840    
           6  -1.4198066625692485       0.479999840    
           7  -1.4431361379635321       0.479999840    
           8  -1.4597995644252830       0.479999840    
           9  -1.4864639167271632       0.479999840    
          10  -1.4864602133448990       0.479999840    
          11  -1.4509046583037020       0.479999840    
          12  -1.4364651521307910       0.479999840    
          13  -1.5009116020622040       0.479999840    
          14  -1.4720137622774914       0.479999840    
          15  -1.4842399980885725       0.479999840    
          16  -1.4909049666669323       0.479999840    
          17  -1.5220151520879628       0.479999840    
          18  -1.5431219423399878       0.479999840    
          19  -1.5308967886191194       0.479999840    
          20  -1.5375651532238028       0.479999840    
          21  -1.5664531159509412       0.479999840    
          22  -1.5475602148450067       0.479999840    
          23  -1.5453406166368271       0.479999840    
          24  -1.5397853693588002       0.479999840    


           0 -0.96222222222222220       0.489999831    
           1  -1.2154219135802469       0.489999831    
           2  -1.3176089691786692       0.489999831    
           3  -1.3364836654209473       0.489999831    
           4  -1.3942588217131358       0.489999831    
           5  -1.4131396862747618       0.489999831    
           6  -1.4075815083769061       0.489999831    
           7  -1.4564711692349475       0.489999831    
           8  -1.4675754901153841       0.489999831    
           9  -1.4631295034041507       0.489999831    
          10  -1.4809078986800825       0.489999831    
          11  -1.5431276516807388       0.489999831    
          12  -1.5153412322705999       0.489999831    
          13  -1.4631228692732958       0.489999831    
          14  -1.4964634551570453       0.489999831    
          15  -1.5397921578534504       0.489999831    
          16  -1.4897861399780759       0.489999831    
          17  -1.5364597519250029       0.489999831    
          18  -1.5808977139233438       0.489999831    
          19  -1.5653359864286216       0.489999831    
          20  -1.5975603700018850       0.489999831    
          21  -1.5586670055041663       0.489999831    
          22  -1.5642279629159024       0.489999831    
          23  -1.5864494127829285       0.489999831    
          24  -1.5664463264704469       0.489999831    


           0 -0.96222222222222220       0.499999821    
           1  -1.2120885802469135       0.499999821    
           2  -1.3287205432527436       0.499999821    
           3  -1.3653710110356592       0.499999821    
           4  -1.4053659206929117       0.499999821    
           5  -1.4064714769554594       0.499999821    
           6  -1.4198046567393117       0.499999821    
           7  -1.4431361382421195       0.499999821    
           8  -1.4253551199807999       0.499999821    
           9  -1.4542464784555584       0.499999821    
          10  -1.5031313546557701       0.499999821    
          11  -1.5109023428674087       0.499999821    
          12  -1.5153457080079351       0.499999821    
          13  -1.5231228686516654       0.499999821    
          14  -1.5175662329349096       0.499999821    
          15  -1.4920114491343146       0.499999821    
          16  -1.5331261095209536       0.499999821    
          17  -1.5253426213736778       0.499999821    
          18  -1.5420103690803646       0.499999821    
          19  -1.5642302763376277       0.499999821    
          20  -1.5675605235727310       0.499999821    
          21  -1.5697822832606148       0.499999821    
          22  -1.5575597524606581       0.499999821    
          23  -1.5842281167010472       0.499999821    
          24  -1.6020021905393471       0.499999821    


           0 -0.96222222222222220       0.509999812    
           1  -1.2309774691358024       0.509999812    
           2  -1.3187179197959535       0.509999812    
           3  -1.3442612891778061       0.509999812    
           4  -1.3742577414876143       0.509999812    
           5  -1.4075869086470154       0.509999812    
           6  -1.4698045018182433       0.509999812    
           7  -1.4720180827080807       0.509999812    
           8  -1.4786844419329572       0.509999812    
           9  -1.4886835160497316       0.509999812    
          10  -1.5086821272894375       0.509999812    
          11  -1.5264571274823209       0.509999812    
          12  -1.5342324365100719       0.509999812    
          13  -1.5153424677171514       0.509999812    
          14  -1.5553450913239282       0.509999812    
          15  -1.5775617576262049       0.509999812    
          16  -1.5753364497558853       0.509999812    
          17  -1.5953367588264229       0.509999812    
          18  -1.5986673143390520       0.509999812    
          19  -1.5908890739841197       0.509999812    
          20  -1.5897790431841687       0.509999812    
          21  -1.5897791973551132       0.509999812    
          22  -1.6086680862225897       0.509999812    
          23  -1.5875543516546913       0.509999812    
          24  -1.6064461730067146       0.509999812    


           0 -0.96222222222222220       0.519999802    
           1  -1.2520885802469135       0.519999802    
           2  -1.3353816543638544       0.519999802    
           3  -1.4220367525480051       0.519999802    
           4  -1.4953580504510349       0.519999802    
           5  -1.4797923113818818       0.519999802    
           6  -1.5297944732900859       0.519999802    
           7  -1.5542319729898209       0.519999802    
           8  -1.5797841344481958       0.519999802    
           9  -1.6120028077591044       0.519999802    
          10  -1.5986649996100333       0.519999802    
          11  -1.6131112965278318       0.519999802    
          12  -1.5908870678754823       0.519999802    
          13  -1.5586679323516839       0.519999802    
          14  -1.5797835183427289       0.519999802    
          15  -1.5508916967335633       0.519999802    
          16  -1.5697845983754537       0.519999802    
          17  -1.6031153076946700       0.519999802    
          18  -1.5886662339850424       0.519999802    
          19  -1.5664460185786131       0.519999802    
          20  -1.5531157713863086       0.519999802    
          21  -1.5686731783650851       0.519999802    
          22  -1.5697821287252272       0.519999802    
          23  -1.5753375302598993       0.519999802    
          24  -1.5775589808985750       0.519999802    


           0 -0.96222222222222220       0.529999793    
           1  -1.2387552469135803       0.529999793    
           2  -1.3387168395490399       0.529999793    
           3  -1.3920362893278404       0.529999793    
           4  -1.4542511060709267       0.529999793    
           5  -1.4664646873463789       0.529999793    
           6  -1.4931296576823130       0.529999793    
           7  -1.5275703986586551       0.529999793    
           8  -1.5131211707779639       0.529999793    
           9  -1.5186787331707254       0.529999793    
          10  -1.4986779612870595       0.529999793    
          11  -1.5331251836164876       0.529999793    
          12  -1.5364537326133867       0.529999793    
          13  -1.5242310480926926       0.529999793    
          14  -1.5475660790210981       0.529999793    
          15  -1.5397850602668026       0.529999793    
          16  -1.5675639187416295       0.529999793    
          17  -1.5864489494557303       0.529999793    
          18  -1.5675574376459089       0.529999793    
          19  -1.5875600614669936       0.529999793    
          20  -1.6042239499914628       0.529999793    
          21  -1.5997771911180567       0.529999793    
          22  -1.6142222531679005       0.529999793    
          23  -1.6219980246870602       0.529999793    
          24  -1.6575525002743492       0.529999793    


           0 -0.96222222222222220       0.539999783    
           1  -1.2487552469135803       0.539999783    
           2  -1.3753821173268175       0.539999783    
           3  -1.4498089747059268       0.539999783    
           4  -1.4664653043090685       0.539999783    
           5  -1.4931296575966237       0.539999783    
           6  -1.5253481764364449       0.539999783    
           7  -1.5408992571977169       0.539999783    
           8  -1.5486748751031669       0.539999783    
           9  -1.5597849062673468       0.539999783    
          10  -1.5986722520963519       0.539999783    
          11  -1.5642224066316532       0.539999783    
          12  -1.5620049691101900       0.539999783    
          13  -1.5753386104209570       0.539999783    
          14  -1.5864478696374416       0.539999783    
          15  -1.5908907711292168       0.539999783    
          16  -1.5975568207262321       0.539999783    
          17  -1.5964447837748990       0.539999783    
          18  -1.5975560493355867       0.539999783    
          19  -1.6242225616598145       0.539999783    
          20  -1.6353299690886585       0.539999783    
          21  -1.6208839819487377       0.539999783    
          22  -1.6042193216691738       0.539999783    
          23  -1.6131105250942126       0.539999783    
          24  -1.6153315124270704       0.539999783    


           0 -0.96222222222222220       0.549999774    
           1  -1.2376441358024690       0.549999774    
           2  -1.3653836605366940       0.549999774    
           3  -1.4364770300471477       0.549999774    
           4  -1.4686893781902712       0.549999774    
           5  -1.5264626820308069       0.549999774    
           6  -1.5342324357386068       0.549999774    
           7  -1.5542313566061474       0.549999774    
           8  -1.5442285789782493       0.549999774    
           9  -1.5697855238084752       0.549999774    
          10  -1.5464486408994711       0.549999774    
          11  -1.5420074376887638       0.549999774    
          12  -1.5875636100780988       0.549999774    
          13  -1.6297795050541557       0.549999774    
          14  -1.6353291972909647       0.549999774    
          15  -1.6619950931670429       0.549999774    
          16  -1.6619913895703935       0.549999774    
          17  -1.6786580567514486       0.549999774    
          18  -1.6697668530476735       0.549999774    
          19  -1.6842125323815214       0.549999774    
          20  -1.6653216371482802       0.549999774    
          21  -1.6531020386615072       0.549999774    
          22  -1.6597704024946305       0.549999774    
          23  -1.6475472541107647       0.549999774    
          24  -1.6542156184369292       0.549999774    


           0 -0.96222222222222220       0.559999764    
           1  -1.2620885802469135       0.559999764    
           2  -1.3687135988082992       0.559999764    
           3  -1.4331432342223878       0.559999764    
           4  -1.4975787301063581       0.559999764    
           5  -1.5075697807319297       0.559999764    
           6  -1.5297906153082317       0.559999764    
           7  -1.5564541957478739       0.559999764    
           8  -1.5853393813617016       0.559999764    
           9  -1.5875575917525886       0.559999764    
          10  -1.6086683947789233       0.559999764    
          11  -1.6286654627229473       0.559999764    
          12  -1.6342182409079553       0.559999764    
          13  -1.6575508030220960       0.559999764    
          14  -1.6475475623884692       0.559999764    
          15  -1.6353267295052238       0.559999764    
          16  -1.6475506490653464       0.559999764    
          17  -1.6597711735209633       0.559999764    
          18  -1.6608805873370109       0.559999764    
          19  -1.6986582110295365       0.559999764    
          20  -1.6819862974706903       0.559999764    
          21  -1.6786552796809069       0.559999764    
          22  -1.6342112978778223       0.559999764    
          23  -1.6508841373197392       0.559999764    
          24  -1.6497707105364834       0.559999764    


           0 -0.96222222222222220       0.569999754    
           1  -1.2498663580246914       0.569999754    
           2  -1.3831597407836078       0.569999754    
           3  -1.4342523389248911       0.569999754    
           4  -1.5142452427307049       0.569999754    
           5  -1.5475674659385095       0.569999754    
           6  -1.5842295045186197       0.569999754    
           7  -1.6164466347910391       0.569999754    
           8  -1.6264421601896124       0.569999754    
           9  -1.6342185496999737       0.569999754    
          10  -1.6131063585347640       0.569999754    
          11  -1.6375537352279814       0.569999754    
          12  -1.6542170064256627       0.569999754    
          13  -1.6519924698602186       0.569999754    
          14  -1.6564372232680749       0.569999754    
          15  -1.6308810503856572       0.569999754    
          16  -1.6331068220763354       0.569999754    
          17  -1.6486620684969340       0.569999754    
          18  -1.6519932413793754       0.569999754    
          19  -1.6542150009386973       0.569999754    
          20  -1.6919924701387585       0.569999754    
          21  -1.7008761121569251       0.569999754    
          22  -1.7130971005399780       0.569999754    
          23  -1.6986509587360363       0.569999754    
          24  -1.6953196318112866       0.569999754    


           0 -0.96222222222222220       0.579999745    
           1  -1.2820885802469135       0.579999745    
           2  -1.4087108210305213       0.579999745    
           3  -1.4886932346081903       0.579999745    
           4  -1.5242376814951932       0.579999745    
           5  -1.5464549669886813       0.579999745    
           6  -1.5620074368101404       0.579999745    
           7  -1.5608941656337763       0.579999745    
           8  -1.5808943202547732       0.579999745    
           9  -1.6008915424555203       0.579999745    
          10  -1.6097776539524367       0.579999745    
          11  -1.6153319753258397       0.579999745    
          12  -1.6331089816700939       0.579999745    
          13  -1.6397731793081014       0.579999745    
          14  -1.6375500315028739       0.579999745    
          15  -1.6697725624956246       0.579999745    
          16  -1.6586569760329868       0.579999745    
          17  -1.6919918531977731       0.579999745    
          18  -1.6975427789092783       0.579999745    
          19  -1.7030975635029293       0.579999745    
          20  -1.7119856808939580       0.579999745    
          21  -1.7142066686554316       0.579999745    
          22  -1.6864285824071312       0.579999745    
          23  -1.6853213293635547       0.579999745    
          24  -1.7253214831486996       0.579999745    


           0 -0.96222222222222220       0.589999735    
           1  -1.3031996913580246       0.589999735    
           2  -1.4031523333762004       0.589999735    
           3  -1.4864717843981423       0.589999735    
           4  -1.5275713233632779       0.589999735    
           5  -1.5486767262050882       0.589999735    
           6  -1.6220071282324715       0.589999735    
           7  -1.6208858323433009       0.589999735    
           8  -1.6342193214121743       0.589999735    
           9  -1.6197730250942484       0.589999735    
          10  -1.6386639204131814       0.589999735    
          11  -1.6531057411221648       0.589999735    
          12  -1.6586592908692885       0.589999735    
          13  -1.6631029639873791       0.589999735    
          14  -1.6619912356994464       0.589999735    
          15  -1.6653247234394861       0.589999735    
          16  -1.6597687048995224       0.589999735    
          17  -1.6708805876798751       0.589999735    
          18  -1.6786568221406000       0.589999735    
          19  -1.6753224087747027       0.589999735    
          20  -1.6875450941098924       0.589999735    
          21  -1.6842100631813737       0.589999735    
          22  -1.7086549708245582       0.589999735    
          23  -1.7008737979207187       0.589999735    
          24  -1.7008748786391776       0.589999735    


           0 -0.96222222222222220       0.599999726    
           1  -1.2954219135802469       0.599999726    
           2  -1.3953756358453362       0.599999726    
           3  -1.4864728644950214       0.599999726    
           4  -1.5386824343243757       0.599999726    
           5  -1.5764529607730104       0.599999726    
           6  -1.6008921593110037       0.599999726    
           7  -1.6308887649778734       0.599999726    
           8  -1.6342179321159753       0.599999726    
           9  -1.6242174697316505       0.599999726    
          10  -1.6386633031292037       0.599999726    
          11  -1.6464390745412321       0.599999726    
          12  -1.6531046612396469       0.599999726    
          13  -1.6453259576859389       0.599999726    
          14  -1.6675492602836546       0.599999726    
          15  -1.6719906181582938       0.599999726    
          16  -1.6775455568585891       0.599999726    
          17  -1.6786558964504363       0.599999726    
          18  -1.6997668533477153       0.599999726    
          19  -1.6753194768259239       0.599999726    
          20  -1.6819895389615520       0.599999726    
          21  -1.6786552792306997       0.599999726    
          22  -1.6731001867667734       0.599999726    
          23  -1.6742120694185048       0.599999726    
          24  -1.6753230261014698       0.599999726    


