           0 -0.99239999999999995       0.300000012    
           1 -0.99355038000000007       0.300000012    
           2 -0.96235032248099994       0.300000012    
           3 -0.88555188248387606       0.300000012    
           4 -0.83035572240587574       0.300000012    
           5 -0.83155848221387973       0.300000012    
           6 -0.84115842207588942       0.300000012    
           7 -0.80635794207889622       0.300000012    
           8 -0.77115968210289609       0.300000012    
           9 -0.78636144201589486       0.300000012    
          10 -0.73516068192789918       0.300000012    
          11 -0.73316324196590354       0.300000012    
          12 -0.76636334183790167       0.300000012    
          13 -0.73076168183290813       0.300000012    
          14 -0.71316346191590840       0.300000012    
          15 -0.70996434182690416       0.300000012    
          16 -0.70796450178290871       0.300000012    
          17 -0.70676460177491085       0.300000012    
          18 -0.70356466176991128       0.300000012    
          19 -0.70916482176691154       0.300000012    
          20 -0.69716454175891163       0.300000012    
          21 -0.70116514177291211       0.300000012    
          22 -0.71156494174291141       0.300000012    
          23 -0.71116442175291283       0.300000012    
          24 -0.72676444177891231       0.300000012    


           0 -0.99239999999999995       0.310000002    
           1  -1.0343503800000000       0.310000002    
           2 -0.95114828248100003       0.310000002    
           3 -0.91795244258587594       0.310000002    
           4 -0.89755410237787070       0.310000002    
           5 -0.86515512229488123       0.310000002    
           6 -0.82355674224388531       0.310000002    
           7 -0.82195882216288774       0.310000002    
           8 -0.80835890205889194       0.310000002    
           9 -0.80475958205489706       0.310000002    
          10 -0.77195976202089722       0.310000002    
          11 -0.77196140201189900       0.310000002    
          12 -0.80316140192989938       0.310000002    
          13 -0.79115984192990341       0.310000002    
          14 -0.77036044200790343       0.310000002    
          15 -0.77916148197789958       0.310000002    
          16 -0.74916104192590105       0.310000002    
          17 -0.77796254194790371       0.310000002    
          18 -0.76596110187290256       0.310000002    
          19 -0.75316170194490628       0.310000002    
          20 -0.76036234191490271       0.310000002    
          21 -0.74796198188290430       0.310000002    
          22 -0.73276260190090592       0.310000002    
          23 -0.77276336186990491       0.310000002    
          24 -0.74236136183190649       0.310000002    


           0 -0.99239999999999995       0.319999993    
           1  -1.0323503800000000       0.319999993    
           2 -0.94994838248100000       0.319999993    
           3 -0.92915250258087601       0.319999993    
           4 -0.90435354237487098       0.319999993    
           5 -0.87635478232288111       0.319999993    
           6 -0.85475618226088390       0.319999993    
           7 -0.82755726219088699       0.319999993    
           8 -0.82315862213689028       0.319999993    
           9 -0.83235884206889310       0.319999993    
          10 -0.81675838205789664       0.319999993    
          11 -0.81475916208089716       0.319999993    
          12 -0.78675926204189595       0.319999993    
          13 -0.75916066203689792       0.319999993    
          14 -0.78756204196689816       0.319999993    
          15 -0.76836062189790166       0.319999993    
          16 -0.76796158196890507       0.319999993    
          17 -0.77316160192090155       0.319999993    
          18 -0.77796134191990396       0.319999993    
          19 -0.79156110193290408       0.319999993    
          20 -0.76716042194490341       0.319999993    
          21 -0.77196164197890271       0.319999993    
          22 -0.77556140191790113       0.319999993    
          23 -0.76356122192990405       0.319999993    
          24 -0.79036182193890347       0.319999993    


           0 -0.99239999999999995       0.329999983    
           1  -1.0367503800000000       0.329999983    
           2  -1.0031481624809999       0.329999983    
           3 -0.98074984259187581       0.329999983    
           4 -0.95115096250787046       0.329999983    
           5 -0.96395244245187461       0.329999983    
           6 -0.93715180237787732       0.329999983    
           7 -0.88035314240988116       0.329999983    
           8 -0.88035598234287959       0.329999983    
           9 -0.87435598220088284       0.329999983    
          10 -0.86875628220088985       0.329999983    
          11 -0.85075656218588991       0.329999983    
          12 -0.86915746217189083       0.329999983    
          13 -0.83595654212689152       0.329999983    
          14 -0.80195820217289360       0.329999983    
          15 -0.80715990208989130       0.329999983    
          16 -0.80075964200489558       0.329999983    
          17 -0.81675996201789980       0.329999983    
          18 -0.83555916200189917       0.329999983    
          19 -0.82235822204189990       0.329999983    
          20 -0.82715888208889787       0.329999983    
          21 -0.84595864205589555       0.329999983    
          22 -0.86355770206789717       0.329999983    
          23 -0.82115682211489660       0.329999983    
          24 -0.82355894215889425       0.329999983    


           0 -0.99239999999999995       0.339999974    
           1  -1.0659503800000001       0.339999974    
           2  -1.0479467024810001       0.339999974    
           3  -1.0443476026648759       0.339999974    
           4 -0.99754778261986687       0.339999974    
           5 -0.96715012261086908       0.339999974    
           6 -0.95715164249386941       0.339999974    
           7 -0.96915214241787528       0.339999974    
           8 -0.93875154239287917       0.339999974    
           9 -0.91235306242288028       0.339999974    
          10 -0.95675438234687882       0.339999974    
          11 -0.89195216228088270       0.339999974    
          12 -0.87115540239188594       0.339999974    
          13 -0.86155644222988048       0.339999974    
          14 -0.87355692217788861       0.339999974    
          15 -0.84555632215389109       0.339999974    
          16 -0.85835772218389228       0.339999974    
          17 -0.84875708211389078       0.339999974    
          18 -0.84795756214589424       0.339999974    
          19 -0.85315760212189273       0.339999974    
          20 -0.85035734211989400       0.339999974    
          21 -0.86915748213289412       0.339999974    
          22 -0.87675654212589327       0.339999974    
          23 -0.87715616217289372       0.339999974    
          24 -0.84395614219189141       0.339999974    


           0 -0.99239999999999995       0.349999964    
           1  -1.0839503800000001       0.349999964    
           2  -1.0415458024809998       0.349999964    
           3  -1.0251479227098761       0.349999964    
           4 -0.99154874260386461       0.349999964    
           5  -1.0115504225628698       0.349999964    
           6 -0.98554942247887189       0.349999964    
           7 -0.98075072252887607       0.349999964    
           8 -0.94915096246387365       0.349999964    
           9 -0.95795254245187678       0.349999964    
          10 -0.92075210237287741       0.349999964    
          11 -0.94035396239488145       0.349999964    
          12 -0.95435298230188015       0.349999964    
          13 -0.92075228235088491       0.349999964    
          14 -0.90235396238588250       0.349999964    
          15 -0.93995488230188073       0.349999964    
          16 -0.89395300225588492       0.349999964    
          17 -0.88275530234988731       0.349999964    
          18 -0.89235586223488239       0.349999964    
          19 -0.88475538220688832       0.349999964    
          20 -0.88915576223088977       0.349999964    
          21 -0.90435554221188852       0.349999964    
          22 -0.89075478222288951       0.349999964    
          23 -0.88675546226088886       0.349999964    
          24 -0.90395566222688684       0.349999964    


           0 -0.99239999999999995       0.359999955    
           1  -1.0727503800000000       0.359999955    
           2  -1.0723463624809999       0.359999955    
           3  -1.0491463826818759       0.359999955    
           4  -1.0399475426808658       0.359999955    
           5  -1.0219480026228660       0.359999955    
           6  -1.0071489025998690       0.359999955    
           7 -0.99874964255486998       0.359999955    
           8  -1.0023500625178723       0.359999955    
           9 -0.99234988249687417       0.359999955    
          10 -0.99195038250587508       0.359999955    
          11  -1.0023504024808747       0.359999955    
          12 -0.99234988247987599       0.359999955    
          13 -0.96195038250587606       0.359999955    
          14 -0.98035190248087478       0.359999955    
          15 -0.96475098240487600       0.359999955    
          16 -0.96515176245087964       0.359999955    
          17 -0.97395174241187743       0.359999955    
          18 -0.97315130241287950       0.359999955    
          19 -0.95715134243487932       0.359999955    
          20 -0.95955214243287823       0.359999955    
          21 -0.99395202239287828       0.359999955    
          22 -0.97275030239888038       0.359999955    
          23 -0.95955136248488015       0.359999955    
          24 -0.95315202243187580       0.359999955    


           0 -0.99239999999999995       0.369999945    
           1  -1.1107503800000000       0.369999945    
           2  -1.1167444624809999       0.369999945    
           3  -1.0939441627768760       0.369999945    
           4  -1.0775453027918611       0.369999945    
           5  -1.1027461227348603       0.369999945    
           6  -1.0703448626938632       0.369999945    
           7  -1.0495464827568652       0.369999945    
           8  -1.0399475226758623       0.369999945    
           9  -1.0499480026238661       0.369999945    
          10  -1.0419475025998688       0.369999945    
          11  -1.0355479026248700       0.369999945    
          12  -1.0139482226048686       0.369999945    
          13  -1.0455493025888698       0.369999945    
          14  -1.0083477225348707       0.369999945    
          15  -1.0103495826138733       0.369999945    
          16  -1.0191494825208693       0.369999945    
          17  -1.0331490425258740       0.369999945    
          18 -0.99274834254787370       0.369999945    
          19  -1.0143503625828725       0.369999945    
          20  -1.0111492824818709       0.369999945    
          21  -1.0135494425358760       0.369999945    
          22 -0.99314932252787325       0.369999945    
          23  -1.0079503425338736       0.369999945    
          24 -0.98754960248287338       0.369999945    


           0 -0.99239999999999995       0.379999936    
           1  -1.1367503800000001       0.379999936    
           2  -1.1499431624809999       0.379999936    
           3  -1.1467425028418758       0.379999936    
           4  -1.1331426628748580       0.379999936    
           5  -1.1279433428668562       0.379999936    
           6  -1.1315436028328567       0.379999936    
           7  -1.1183434228198585       0.379999936    
           8  -1.0911440828288590       0.379999936    
           9  -1.1087454427958585       0.379999936    
          10  -1.0951445627278602       0.379999936    
          11  -1.0871452427718635       0.379999936    
          12  -1.0883456427378615       0.379999936    
          13  -1.0691455827178631       0.379999936    
          14  -1.0639465427208641       0.379999936    
          15  -1.0779468026728638       0.379999936    
          16  -1.0703461026598664       0.379999936    
          17  -1.0811464826948669       0.379999936    
          18  -1.0875459426758654       0.379999936    
          19  -1.0791456227028662       0.379999936    
          20  -1.1147460427188649       0.379999936    
          21  -1.0963442626978639       0.379999936    
          22  -1.1079451827868652       0.379999936    
          23  -1.1003446027408608       0.379999936    
          24  -1.0847449827698630       0.379999936    


           0 -0.99239999999999995       0.389999926    
           1  -1.1343503800000001       0.389999926    
           2  -1.1283432824810000       0.389999926    
           3  -1.1355435828358760       0.389999926    
           4  -1.1083432228208581       0.389999926    
           5  -1.1403445828388590       0.389999926    
           6  -1.1567429827708580       0.389999926    
           7  -1.1627421628508614       0.389999926    
           8  -1.1503418628918574       0.389999926    
           9  -1.1407424829068553       0.389999926    
          10  -1.1255429628758546       0.389999926    
          11  -1.1003437228518562       0.389999926    
          12  -1.1179449828138575       0.389999926    
          13  -1.1143441027508594       0.389999926    
          14  -1.1259442827948625       0.389999926    
          15  -1.1455437027858604       0.389999926    
          16  -1.1455427228148609       0.389999926    
          17  -1.1527427228638594       0.389999926    
          18  -1.1315423628638568       0.389999926    
          19  -1.1495434228818568       0.389999926    
          20  -1.1195425228288558       0.389999926    
          21  -1.1235440228738585       0.389999926    
          22  -1.1267438227988562       0.389999926    
          23  -1.0927436628088600       0.389999926    
          24  -1.0923453628168596       0.389999926    


           0 -0.99239999999999995       0.399999917    
           1  -1.1351503800000000       0.399999917    
           2  -1.1927432424810001       0.399999917    
           3  -1.1867403628378759       0.399999917    
           4  -1.1711406629818581       0.399999917    
           5  -1.1771414429668507       0.399999917    
           6  -1.1943411429278517       0.399999917    
           7  -1.1911402829428537       0.399999917    
           8  -1.1863404429858528       0.399999917    
           9  -1.1955406829778508       0.399999917    
          10  -1.2063402229658511       0.399999917    
          11  -1.1935396829888518       0.399999917    
          12  -1.1739403230158507       0.399999917    
          13  -1.1703413029838492       0.399999917    
          14  -1.1739414829348509       0.399999917    
          15  -1.1839413029258532       0.399999917    
          16  -1.1915408029348538       0.399999917    
          17  -1.1971404229598532       0.399999917    
          18  -1.1907401429788520       0.399999917    
          19  -1.1935404629928510       0.399999917    
          20  -1.1971403229768505       0.399999917    
          21  -1.2083401429838512       0.399999917    
          22  -1.1827395829928509       0.399999917    
          23  -1.1807408630208502       0.399999917    
          24  -1.1791409629568490       0.399999917    


           0 -0.99239999999999995       0.409999907    
           1  -1.1663503800000001       0.409999907    
           2  -1.2087416824810000       0.409999907    
           3  -1.2435395629158761       0.409999907    
           4  -1.2535378230218543       0.409999907    
           5  -1.2591373231088487       0.409999907    
           6  -1.2399370431338446       0.409999907    
           7  -1.2519380031478433       0.409999907    
           8  -1.2411374030998426       0.409999907    
           9  -1.2471379431298451       0.409999907    
          10  -1.2655376431028436       0.409999907    
          11  -1.2559367231178449       0.409999907    
          12  -1.2307372031638442       0.409999907    
          13  -1.2355384631398418       0.409999907    
          14  -1.2139382230768430       0.409999907    
          15  -1.2139393030888461       0.409999907    
          16  -1.2315393030348456       0.409999907    
          17  -1.2247384230348481       0.409999907    
          18  -1.2011387630788481       0.409999907    
          19  -1.2143399430618462       0.409999907    
          20  -1.2075392830028469       0.409999907    
          21  -1.2219396230358499       0.409999907    
          22  -1.2195389030188482       0.409999907    
          23  -1.2335390230548491       0.409999907    
          24  -1.2375383230488473       0.409999907    


           0 -0.99239999999999995       0.419999897    
           1  -1.1795503800000000       0.419999897    
           2  -1.2115410224809999       0.419999897    
           3  -1.2311394229488761       0.419999897    
           4  -1.2191384430288525       0.419999897    
           5  -1.2323390430778485       0.419999897    
           6  -1.1967383830478462       0.419999897    
           7  -1.2259401630808475       0.419999897    
           8  -1.2687387029918460       0.419999897    
           9  -1.2575365630648505       0.419999897    
          10  -1.2367371231718467       0.419999897    
          11  -1.2503381631438413       0.419999897    
          12  -1.2567374830918427       0.419999897    
          13  -1.2299371631258456       0.419999897    
          14  -1.2291385031418436       0.419999897    
          15  -1.2147385430748430       0.419999897    
          16  -1.2091392630728464       0.419999897    
          17  -1.2003395430368464       0.419999897    
          18  -1.1979399830228481       0.419999897    
          19  -1.2095401030008488       0.419999897    
          20  -1.2283395229948499       0.419999897    
          21  -1.2387385830238502       0.419999897    
          22  -1.2543380630708489       0.419999897    
          23  -1.2499372830968465       0.419999897    
          24  -1.2447375031358452       0.419999897    


           0 -0.99239999999999995       0.429999888    
           1  -1.1967503800000001       0.429999888    
           2  -1.2455401624810001       0.429999888    
           3  -1.2423377229918759       0.429999888    
           4  -1.2631378831138502       0.429999888    
           5  -1.2895368431058443       0.429999888    
           6  -1.2959355231578447       0.429999888    
           7  -1.2967352032238422       0.429999888    
           8  -1.3207351632398387       0.429999888    
           9  -1.3163339632418380       0.429999888    
          10  -1.3499341833018379       0.429999888    
          11  -1.3423325032908349       0.429999888    
          12  -1.3267328833748353       0.429999888    
          13  -1.3263336633558311       0.429999888    
          14  -1.3203336833168324       0.429999888    
          15  -1.3083339833158341       0.429999888    
          16  -1.2999345833008342       0.429999888    
          17  -1.3015350032708348       0.429999888    
          18  -1.3123349232498362       0.429999888    
          19  -1.3267343832538376       0.429999888    
          20  -1.3319336632808372       0.429999888    
          21  -1.3147334033168359       0.429999888    
          22  -1.3047342633298342       0.429999888    
          23  -1.3023347632868336       0.429999888    
          24  -1.3439348832618356       0.429999888    


           0 -0.99239999999999995       0.439999878    
           1  -1.2379503800000000       0.439999878    
           2  -1.2919381024809999       0.439999878    
           3  -1.3255354030948761       0.439999878    
           4  -1.3063337232298453       0.439999878    
           5  -1.3111346833138384       0.439999878    
           6  -1.3099344432658344       0.439999878    
           7  -1.3179345032778367       0.439999878    
           8  -1.3183341032748361       0.439999878    
           9  -1.3103340832948362       0.439999878    
          10  -1.3339344832958351       0.439999878    
          11  -1.3263333032758351       0.439999878    
          12  -1.3471336833348364       0.439999878    
          13  -1.3591326433158333       0.439999878    
          14  -1.3671320433678342       0.439999878    
          15  -1.3727316433978316       0.439999878    
          16  -1.3583313634178300       0.439999878    
          17  -1.3635320834318290       0.439999878    
          18  -1.3511318233958283       0.439999878    
          19  -1.3391324434088303       0.439999878    
          20  -1.3263330433778295       0.439999878    
          21  -1.3399336833478313       0.439999878    
          22  -1.3543330033158327       0.439999878    
          23  -1.3523322833498344       0.439999878    
          24  -1.3567323833858325       0.439999878    


           0 -0.99239999999999995       0.449999869    
           1  -1.2091503800000001       0.449999869    
           2  -1.2615395424810001       0.449999869    
           3  -1.3011369230228760       0.449999869    
           4  -1.3111349431538488       0.449999869    
           5  -1.3395344432528424       0.449999869    
           6  -1.3503330232778372       0.449999869    
           7  -1.3519324833488362       0.449999869    
           8  -1.3515324033758327       0.449999869    
           9  -1.3567324233798312       0.449999869    
          10  -1.3583321633788310       0.449999869    
          11  -1.3531320833918312       0.449999869    
          12  -1.3627323433958303       0.449999869    
          13  -1.3919318633828301       0.449999869    
          14  -1.3599304034068307       0.449999869    
          15  -1.3747320034798296       0.449999869    
          16  -1.3799312633998260       0.449999869    
          17  -1.3695310034368300       0.449999869    
          18  -1.3719315234498282       0.449999869    
          19  -1.3839314034238275       0.449999869    
          20  -1.3771308034298289       0.449999869    
          21  -1.3807311434598284       0.449999869    
          22  -1.3939309634428272       0.449999869    
          23  -1.3923303034518277       0.449999869    
          24  -1.3943303834848273       0.449999869    


           0 -0.99239999999999995       0.459999859    
           1  -1.2439503800000000       0.459999859    
           2  -1.2779378024810002       0.459999859    
           3  -1.3127361031098761       0.459999859    
           4  -1.3295343631948446       0.459999859    
           5  -1.3383335232818403       0.459999859    
           6  -1.3787330833238358       0.459999859    
           7  -1.3895310633458340       0.459999859    
           8  -1.3859305234468327       0.459999859    
           9  -1.3999307034738275       0.459999859    
          10  -1.3947300034648262       0.459999859    
          11  -1.3855302634998268       0.459999859    
          12  -1.4067307234868252       0.459999859    
          13  -1.3995296634638257       0.459999859    
          14  -1.4091300235168267       0.459999859    
          15  -1.4083295434988241       0.459999859    
          16  -1.4203295835228251       0.459999859    
          17  -1.4595289835208238       0.459999859    
          18  -1.4343270235508241       0.459999859    
          19  -1.4351282836488224       0.459999859    
          20  -1.4523282435858176       0.459999859    
          21  -1.4383273835878208       0.459999859    
          22  -1.4315280836308206       0.459999859    
          23  -1.4315284235958186       0.459999859    
          24  -1.4563284235788201       0.459999859    


           0 -0.99239999999999995       0.469999850    
           1  -1.2207503800000001       0.469999850    
           2  -1.3099389624809998       0.469999850    
           3  -1.3299345030518759       0.469999850    
           4  -1.3311335032748473       0.469999850    
           5  -1.3631334433248363       0.469999850    
           6  -1.3555318433278338       0.469999850    
           7  -1.3743322234078337       0.469999850    
           8  -1.4167312833888297       0.469999850    
           9  -1.4275291634358305       0.469999850    
          10  -1.4367286235418282       0.469999850    
          11  -1.4555281635688229       0.469999850    
          12  -1.4551272235918216       0.469999850    
          13  -1.4551272436388205       0.469999850    
          14  -1.4667272436378183       0.469999850    
          15  -1.4795266636378182       0.469999850    
          16  -1.4579260236668181       0.469999850    
          17  -1.4507271036988165       0.469999850    
          18  -1.4391274636448150       0.469999850    
          19  -1.4503280436268178       0.469999850    
          20  -1.4631274835978187       0.469999850    
          21  -1.4663268436258201       0.469999850    
          22  -1.4687266836578186       0.469999850    
          23  -1.4759265636658172       0.469999850    
          24  -1.4811262036718167       0.469999850    


           0 -0.99239999999999995       0.479999840    
           1  -1.2507503799999999       0.479999840    
           2  -1.3215374624809999       0.479999840    
           3  -1.3411339231268760       0.479999840    
           4  -1.3699329433038436       0.479999840    
           5  -1.3971315033528349       0.479999840    
           6  -1.4175301434248324       0.479999840    
           7  -1.4195291234928289       0.479999840    
           8  -1.4283290235438253       0.479999840    
           9  -1.4699285835488227       0.479999840    
          10  -1.4879265035708227       0.479999840    
          11  -1.4911256036748215       0.479999840    
          12  -1.5071254437198163       0.479999840    
          13  -1.5007246437278139       0.479999840    
          14  -1.4947249637678137       0.479999840    
          15  -1.4951252637518115       0.479999840    
          16  -1.5055252437368125       0.479999840    
          17  -1.4911247237378131       0.479999840    
          18  -1.5067254437638131       0.479999840    
          19  -1.5019246637278119       0.479999840    
          20  -1.5031249037668135       0.479999840    
          21  -1.4959248437548116       0.479999840    
          22  -1.4823252037578123       0.479999840    
          23  -1.4923258837398121       0.479999840    
          24  -1.5047253837058130       0.479999840    


           0 -0.99239999999999995       0.489999831    
           1  -1.2631503800000001       0.489999831    
           2  -1.3375368424809999       0.489999831    
           3  -1.3743331231578759       0.489999831    
           4  -1.4019312833438420       0.489999831    
           5  -1.4151299034358329       0.489999831    
           6  -1.4419292435048283       0.489999831    
           7  -1.4295279035378248       0.489999831    
           8  -1.4407285236048233       0.489999831    
           9  -1.4535279635738199       0.489999831    
          10  -1.4851273236018212       0.489999831    
          11  -1.5103257436338200       0.489999831    
          12  -1.4987244837128182       0.489999831    
          13  -1.4971250637758142       0.489999831    
          14  -1.5027251437468112       0.489999831    
          15  -1.4975248637428127       0.489999831    
          16  -1.4827251237568129       0.489999831    
          17  -1.4767258637438121       0.489999831    
          18  -1.4767261637068128       0.489999831    
          19  -1.4903261636918146       0.489999831    
          20  -1.4787254836918153       0.489999831    
          21  -1.4919260637258154       0.489999831    
          22  -1.5199254036968137       0.489999831    
          23  -1.5367240037298151       0.489999831    
          24  -1.5007231637998135       0.489999831    


           0 -0.99239999999999995       0.499999821    
           1  -1.2523503800000000       0.499999821    
           2  -1.3259373824809999       0.499999821    
           3  -1.3759337031308760       0.499999821    
           4  -1.4055312033148435       0.499999821    
           5  -1.4339297234398343       0.499999821    
           6  -1.4467283035138281       0.499999821    
           7  -1.4787276635848243       0.499999821    
           8  -1.4975260636168208       0.499999821    
           9  -1.4999251236968192       0.499999821    
          10  -1.5079250037438152       0.499999821    
          11  -1.5003246037498128       0.499999821    
          12  -1.5207249837698125       0.499999821    
          13  -1.5443239637508115       0.499999821    
          14  -1.5159227838018126       0.499999821    
          15  -1.5231242038608099       0.499999821    
          16  -1.5095238437898069       0.499999821    
          17  -1.5211245238078106       0.499999821    
          18  -1.5199239437738095       0.499999821    
          19  -1.5247240038028114       0.499999821    
          20  -1.5355237637998100       0.499999821    
          21  -1.5295232238118099       0.499999821    
          22  -1.5111235238388094       0.499999821    
          23  -1.5235244438238082       0.499999821    
          24  -1.5199238237778088       0.499999821    


           0 -0.99239999999999995       0.509999812    
           1  -1.2655503800000001       0.509999812    
           2  -1.3555367224810002       0.509999812    
           3  -1.3999322231638760       0.509999812    
           4  -1.4443300033888418       0.509999812    
           5  -1.4607277834998305       0.509999812    
           6  -1.4735269636108248       0.509999812    
           7  -1.4923263236518194       0.509999812    
           8  -1.5091253836838174       0.509999812    
           9  -1.5343245437308157       0.509999812    
          10  -1.5263232837728133       0.509999812    
          11  -1.5551236838358113       0.509999812    
          12  -1.5647222438158082       0.509999812    
          13  -1.5751217638878092       0.509999812    
          14  -1.5819212439118056       0.509999812    
          15  -1.5979209039378044       0.509999812    
          16  -1.5863201039548032       0.509999812    
          17  -1.5519206839948023       0.509999812    
          18  -1.5751224039658003       0.509999812    
          19  -1.5751212438798017       0.509999812    
          20  -1.5931212439378060       0.509999812    
          21  -1.5939203439378031       0.509999812    
          22  -1.6055203039828032       0.509999812    
          23  -1.6179197239848009       0.509999812    
          24  -1.5975191040138008       0.509999812    


           0 -0.99239999999999995       0.519999802    
           1  -1.2679503800000000       0.519999802    
           2  -1.3687366024810002       0.519999802    
           3  -1.4275315631698759       0.519999802    
           4  -1.4591286234218417       0.519999802    
           5  -1.4679270435688290       0.519999802    
           6  -1.5087266036478215       0.519999802    
           7  -1.5263245636698175       0.519999802    
           8  -1.5419236837718164       0.519999802    
           9  -1.5423229038158115       0.519999802    
          10  -1.5631228838548092       0.519999802    
          11  -1.5871218438558072       0.519999802    
          12  -1.5811206439078072       0.519999802    
          13  -1.5971209439678047       0.519999802    
          14  -1.5779201439528017       0.519999802    
          15  -1.5899211039928025       0.519999802    
          16  -1.5895205039448004       0.519999802    
          17  -1.5979205239748027       0.519999802    
          18  -1.6019201039738014       0.519999802    
          19  -1.6315199039948012       0.519999802    
          20  -1.6067184240048002       0.519999802    
          21  -1.6127196640787997       0.519999802    
          22  -1.5979193640167959       0.519999802    
          23  -1.5983201040317991       0.519999802    
          24  -1.5983200839947984       0.519999802    


           0 -0.99239999999999995       0.529999793    
           1  -1.2551503800000001       0.529999793    
           2  -1.3755372424810002       0.529999793    
           3  -1.4091312231378759       0.529999793    
           4  -1.4639295434388431       0.529999793    
           5  -1.4807268035228280       0.529999793    
           6  -1.4851259636598240       0.529999793    
           7  -1.5035257437018170       0.529999793    
           8  -1.5139248237128149       0.529999793    
           9  -1.5331243037588143       0.529999793    
          10  -1.5503233437848121       0.529999793    
          11  -1.5515224838328108       0.529999793    
          12  -1.5611224238758084       0.529999793    
          13  -1.5655219438788062       0.529999793    
          14  -1.5851217239028061       0.529999793    
          15  -1.5967207439138049       0.529999793    
          16  -1.6135201639628043       0.529999793    
          17  -1.6043193239918019       0.529999793    
          18  -1.5951197840338003       0.529999793    
          19  -1.5955202440107983       0.529999793    
          20  -1.6047202239877996       0.529999793    
          21  -1.5955197639888008       0.529999793    
          22  -1.6183202240118006       0.529999793    
          23  -1.5943190839887993       0.529999793    
          24  -1.6255202840458005       0.529999793    


           0 -0.99239999999999995       0.539999783    
           1  -1.2807503800000000       0.539999783    
           2  -1.3707359624810000       0.539999783    
           3  -1.4203314632018760       0.539999783    
           4  -1.4719289834268399       0.539999783    
           5  -1.4963264035508288       0.539999783    
           6  -1.5107251836798226       0.539999783    
           7  -1.5375244637408159       0.539999783    
           8  -1.5343231237768129       0.539999783    
           9  -1.5603232838438110       0.539999783    
          10  -1.5723219838358078       0.539999783    
          11  -1.5787213839008081       0.539999783    
          12  -1.5887210639308049       0.539999783    
          13  -1.6099205639468035       0.539999783    
          14  -1.6411195039718027       0.539999783    
          15  -1.6171179440248014       0.539999783    
          16  -1.6259191441027987       0.539999783    
          17  -1.6371187040427948       0.539999783    
          18  -1.6443181440647978       0.539999783    
          19  -1.6487177840927969       0.539999783    
          20  -1.6543175641107954       0.539999783    
          21  -1.6499172841217944       0.539999783    
          22  -1.6415175041357939       0.539999783    
          23  -1.6439179241247934       0.539999783    
          24  -1.6367178041037937       0.539999783    


           0 -0.99239999999999995       0.549999774    
           1  -1.2943503800000000       0.549999774    
           2  -1.3979352824810001       0.549999774    
           3  -1.4459301032358758       0.549999774    
           4  -1.4995277034948382       0.549999774    
           5  -1.5311250236148253       0.549999774    
           6  -1.5335234437488192       0.549999774    
           7  -1.5491233238278126       0.549999774    
           8  -1.5515225438338085       0.549999774    
           9  -1.5647224238728081       0.549999774    
          10  -1.5651217638788064       0.549999774    
          11  -1.5879217439118061       0.549999774    
          12  -1.5935206039128043       0.549999774    
          13  -1.6147203239698042       0.549999774    
          14  -1.6127192639838015       0.549999774    
          15  -1.6279193640368008       0.549999774    
          16  -1.6355186040317982       0.549999774    
          17  -1.6371182240697983       0.549999774    
          18  -1.6451181440887965       0.549999774    
          19  -1.6615177440927953       0.549999774    
          20  -1.6647169241127955       0.549999774    
          21  -1.6799167641537944       0.549999774    
          22  -1.6815160041617920       0.549999774    
          23  -1.6771159241997922       0.549999774    
          24  -1.6695161442037900       0.549999774    


           0 -0.99239999999999995       0.559999764    
           1  -1.2855503800000001       0.559999764    
           2  -1.3775357224809999       0.559999764    
           3  -1.4443311232138760       0.559999764    
           4  -1.5075277834438394       0.559999764    
           5  -1.5427246236108278       0.559999764    
           6  -1.5455228637688194       0.559999764    
           7  -1.5639227238568116       0.559999764    
           8  -1.5823218038638072       0.559999764    
           9  -1.5851208839098068       0.559999764    
          10  -1.5979207439558045       0.559999764    
          11  -1.6047201039628023       0.559999764    
          12  -1.6103197639948019       0.559999764    
          13  -1.6199194840118001       0.559999764    
          14  -1.6347190040257995       0.559999764    
          15  -1.6311182640497988       0.559999764    
          16  -1.6275184440867976       0.559999764    
          17  -1.6179186240777956       0.559999764    
          18  -1.6043191040687961       0.559999764    
          19  -1.6287197840447964       0.559999764    
          20  -1.6443185640107978       0.559999764    
          21  -1.6467177840717995       0.559999764    
          22  -1.6571176641107965       0.559999764    
          23  -1.6595171441167942       0.559999764    
          24  -1.6535170241427943       0.559999764    


           0 -0.99239999999999995       0.569999754    
           1  -1.3031503799999999       0.569999754    
           2  -1.3955348424809999       0.569999754    
           3  -1.4759302232578762       0.569999754    
           4  -1.5331262034888371       0.569999754    
           5  -1.5547233436898256       0.569999754    
           6  -1.5683222638328156       0.569999754    
           7  -1.5775215838868084       0.569999754    
           8  -1.5843211239208057       0.569999754    
           9  -1.6119207839438041       0.569999754    
          10  -1.6223194039608029       0.569999754    
          11  -1.6235188840298018       0.569999754    
          12  -1.6379188240557985       0.569999754    
          13  -1.6267181040587972       0.569999754    
          14  -1.6467186640947971       0.569999754    
          15  -1.6595176640667952       0.569999754    
          16  -1.6487170241167965       0.569999754    
          17  -1.6507175641487941       0.569999754    
          18  -1.6727174641217928       0.569999754    
          19  -1.6639163641267940       0.569999754    
          20  -1.6819168041817938       0.569999754    
          21  -1.6835159041597909       0.569999754    
          22  -1.6739158242047920       0.569999754    
          23  -1.6807163042087898       0.569999754    
          24  -1.6735159641847894       0.569999754    


           0 -0.99239999999999995       0.579999745    
           1  -1.3067503800000000       0.579999745    
           2  -1.4159346624809999       0.579999745    
           3  -1.4631292032668759       0.579999745    
           4  -1.4959268435398367       0.579999745    
           5  -1.5331252036578229       0.579999745    
           6  -1.5819233437398172       0.579999745    
           7  -1.6003209038328130       0.579999745    
           8  -1.6119199839548084       0.579999745    
           9  -1.5991194040008021       0.579999745    
          10  -1.6063200440298000       0.579999745    
          11  -1.5991196839977986       0.579999745    
          12  -1.6283200440158001       0.579999745    
          13  -1.6331185839977993       0.579999745    
          14  -1.6403183440708002       0.579999745    
          15  -1.6351179840827965       0.579999745    
          16  -1.6363182441007960       0.579999745    
          17  -1.6515181840877950       0.579999745    
          18  -1.6587174240907956       0.579999745    
          19  -1.6767170641287954       0.579999745    
          20  -1.6743161641467939       0.579999745    
          21  -1.6855162841917926       0.579999745    
          22  -1.6871157241857901       0.579999745    
          23  -1.6803156442137908       0.579999745    
          24  -1.6795159842177891       0.579999745    


           0 -0.99239999999999995       0.589999735    
           1  -1.2871503800000001       0.589999735    
           2  -1.4011356424810002       0.589999735    
           3  -1.4847299432178760       0.589999735    
           4  -1.5195257635028390       0.589999735    
           5  -1.5571240237118249       0.589999735    
           6  -1.5771221437988143       0.589999735    
           7  -1.5923211438928102       0.589999735    
           8  -1.5931203839428054       0.589999735    
           9  -1.6147203439808029       0.589999735    
          10  -1.6199192639828008       0.589999735    
          11  -1.6407190040368009       0.589999735    
          12  -1.6639179640497983       0.589999735    
          13  -1.6491168041017976       0.589999735    
          14  -1.6735175441597949       0.589999735    
          15  -1.6867163241227920       0.589999735    
          16  -1.6895156641837936       0.589999735    
          17  -1.6923155242167909       0.589999735    
          18  -1.6991153842237892       0.589999735    
          19  -1.7031150442307887       0.589999735    
          20  -1.7007148442477882       0.589999735    
          21  -1.7127149642577875       0.589999735    
          22  -1.7111143642517870       0.589999735    
          23  -1.7167144442817872       0.589999735    
          24  -1.7119141642777860       0.589999735    


           0 -0.99239999999999995       0.599999726    
           1  -1.3063503800000000       0.599999726    
           2  -1.4235346824810000       0.599999726    
           3  -1.4843288232658760       0.599999726    
           4  -1.5403257835588366       0.599999726    
           5  -1.5575229837108222       0.599999726    
           6  -1.5811221238508144       0.599999726    
           7  -1.6051209438938074       0.599999726    
           8  -1.6187197439528052       0.599999726    
           9  -1.6315190640128023       0.599999726    
          10  -1.6287184240467993       0.599999726    
          11  -1.6359185640787977       0.599999726    
          12  -1.6507182040717963       0.599999726    
          13  -1.6595174640897963       0.599999726    
          14  -1.6743170241267955       0.599999726    
          15  -1.6795162841487938       0.599999726    
          16  -1.6771160241857928       0.599999726    
          17  -1.6851161441987907       0.599999726    
          18  -1.7119157441927899       0.599999726    
          19  -1.7047144042127904       0.599999726    
          20  -1.6987147642797893       0.599999726    
          21  -1.7255150642617860       0.599999726    
          22  -1.7303137242467870       0.599999726    
          23  -1.7279134843137876       0.599999726    
          24  -1.7479136043257844       0.599999726    


