   0.0000000000000000        0.0000000000000000     
  0.12500000000000000        1.0386136395368340E-015
  0.25000000000000000        1.6456280782506383E-015
  0.37500000000000000        1.9118040484045194E-015
  0.50000000000000000       -9.4702024000525846E-016
  0.62500000000000000       -4.1744385725905884E-016
  0.75000000000000000       -8.4987572535055736E-016
  0.87500000000000000        5.1514348342607260E-016
   1.0000000000000000        1.2823075934420559E-015
   1.1250000000000000        1.7830181775480013E-015
   1.2500000000000000        2.0000000000000000     
   1.3750000000000000       -1.0758061108617766E-015
   1.5000000000000000       -3.4416913763379854E-016
   1.6250000000000000       -1.0202949596305188E-015
   1.7500000000000000        6.3948846218409014E-016
   1.8750000000000000        2.9409807922320395E-015
   2.0000000000000000       -4.6007642140466485E-015
   2.1250000000000000        1.0214051826551441E-016
   2.2500000000000000        1.6520118606422330E-015
   2.3750000000000000        1.3300471835009376E-015
   2.5000000000000000        3.1041835768519378E-015
   2.6250000000000000       -3.6615155352137659E-015
   2.7500000000000000        2.6156854460168687E-015
   2.8750000000000000       -3.1019631308026875E-015
   3.0000000000000000        6.4170890823334051E-016
   3.1250000000000000       -2.8133051444001467E-015
   3.2500000000000000       -2.6134649999676184E-015
   3.3750000000000000       -3.2263081095607048E-015
   3.5000000000000000       -1.7630341631047487E-015
   3.6250000000000000       -8.7485574340462334E-016
   3.7500000000000000        2.7067237340361315E-015
   3.8750000000000000        2.0516921495072893E-015
   4.0000000000000000        2.3070434451710754E-015
   4.1250000000000000        5.6665783176867989E-015
   4.2500000000000000        1.3278267374516873E-015
   4.3750000000000000       -9.1038288019262831E-017
   4.5000000000000000        4.5430326167661408E-015
   4.6250000000000000        1.6253665080512292E-015
   4.7500000000000000       -1.7763568394002506E-016
   4.8750000000000000       -4.4120262998603723E-015
   5.0000000000000000       -1.6187051699034782E-015
   5.1250000000000000       -6.7057470687359455E-016
   5.2500000000000000        9.5479180117763461E-017
   5.3750000000000000       -2.6045832157706173E-015
   5.5000000000000000       -7.0765615589607480E-015
   5.6250000000000000        5.3423931944962530E-015
   5.7500000000000000        2.8443913890896512E-015
   5.8750000000000000        5.7553961596568119E-015
   6.0000000000000000        1.3145040611561853E-015
   6.1250000000000000        4.0278891333400681E-015
   6.2500000000000000        5.8175686490358205E-016
   6.3750000000000000        1.3544720900426909E-015
   6.5000000000000000        3.7037040101495222E-015
   6.6250000000000000        4.2854608750531044E-015
   6.7500000000000000        3.1019631308026875E-015
   6.8750000000000000       -9.3325347449990661E-015
   7.0000000000000000        1.9517720772910250E-015
   7.1250000000000000       -2.4114044094858399E-015
   7.2500000000000000        2.9332092310596638E-015
   7.3750000000000000       -1.9850787680297798E-015
   7.5000000000000000        2.9820590441431704E-015
   7.6250000000000000        7.1764816311770119E-015
   7.7500000000000000       -5.3868021154812599E-015
   7.8750000000000000        8.1112894179113939E-015
   8.0000000000000000       -3.3084646133829665E-016
   8.1250000000000000       -4.7739590058881729E-016
   8.2500000000000000        5.0692783304384644E-015
   8.3750000000000000        3.2418512319054570E-016
   8.5000000000000000       -3.0708768861131830E-015
   8.6250000000000000        1.6298074001497298E-015
   8.7500000000000000        8.2378548427186615E-016
   8.8750000000000000       -8.1379347705023971E-015
   9.0000000000000000       -1.3700152123874432E-014
   9.1250000000000000       -4.2721381987576020E-015
   9.2500000000000000       -8.3044682241961714E-016
   9.3750000000000000        7.5139894306630602E-015
   9.5000000000000000       -5.7998050806418180E-015
   9.6250000000000000        5.9729998724833419E-015
   9.7500000000000000       -4.3764991630723673E-015
   9.8750000000000000       -5.5444537849780315E-015
   10.000000000000000       -3.1974423109204507E-016
   10.125000000000000       -3.4061642395499802E-015
   10.250000000000000       -1.3045120539345589E-014
   10.375000000000000        6.9944050551384860E-016
   10.500000000000000        6.2627680819105077E-015
   10.625000000000000       -5.3534954247425047E-015
   10.750000000000000       -1.7852386235972515E-015
   10.875000000000000       -4.2943426592501055E-015
   11.000000000000000       -6.9699801485967329E-015
   11.125000000000000        1.4521717162097048E-015
   11.250000000000000        6.7179595220068220E-015
   11.375000000000000        3.8180569816859134E-015
   11.500000000000000        3.9424019604439307E-015
   11.625000000000000        4.7356563115386053E-015
   11.750000000000000       -1.8479662244885730E-015
   11.875000000000000        6.3654637116883351E-015
   12.000000000000000       -1.3271050924856808E-014
   12.125000000000000       -2.9767854847762010E-015
   12.250000000000000        7.9741768743701870E-016
   12.375000000000000       -6.5100702606457612E-016
