   0.0000000000000000       -1.3544720900426909E-015
  0.12500000000000000       -7.9491968563161210E-016
  0.25000000000000000       -7.9047879353311147E-016
  0.37500000000000000        7.6827433304060832E-016
  0.50000000000000000        1.2900791546144318E-015
  0.62500000000000000        9.7033492352238684E-016
  0.75000000000000000       -4.4408920985006262E-016
  0.87500000000000000       -1.4366285938649525E-015
   1.0000000000000000       -2.1094237467877973E-016
   1.1250000000000000        3.0198066269804260E-016
   1.2500000000000000        1.5565326805244694E-015
   1.3750000000000000        1.2856382625159313E-015
   1.5000000000000000       -5.3290705182007512E-017
   1.6250000000000000       -2.1094237467877974E-015
   1.7500000000000000       -1.3100631690576846E-016
   1.8750000000000000        3.0797586703101841E-015
   2.0000000000000000        3.0000000000000013     
   2.1250000000000000       -2.5579538487363606E-015
   2.2500000000000000       -7.4162898044960454E-016
   2.3750000000000000        3.4861002973229917E-016
   2.5000000000000000        3.3306690738754696E-015
   2.6250000000000000        2.1072033007385472E-015
   2.7500000000000000       -3.6104452760810094E-015
   2.8750000000000000        3.6237679523765110E-015
   3.0000000000000000        1.9673151996357773E-015
   3.1250000000000000        2.7533531010703882E-016
   3.2500000000000000       -4.8627768478581855E-016
   3.3750000000000000       -1.9584334154387762E-015
   3.5000000000000000        3.3573144264664732E-015
   3.6250000000000000       -3.1863400806741992E-015
   3.7500000000000000       -4.4209080840573734E-015
   3.8750000000000000       -2.8865798640254070E-015
   4.0000000000000000        1.7652546091539989E-015
   4.1250000000000000        2.5934809855243656E-015
   4.2500000000000000       -2.0183854587685346E-015
   4.3750000000000000       -2.5535129566378600E-015
   4.5000000000000000       -1.6953105586026140E-015
   4.6250000000000000        6.0884630670443588E-015
   4.7500000000000000        6.3038463338216390E-015
   4.8750000000000000        1.0813572259849025E-015
   5.0000000000000000       -1.5798473640415978E-015
   5.1250000000000000       -4.5186077102243874E-016
   5.2500000000000000       -3.1108449149996886E-015
   5.3750000000000000       -1.2057022047429199E-015
   5.5000000000000000        2.2054580384178733E-015
   5.6250000000000000       -6.7740257847503927E-015
   5.7500000000000000       -9.1260332624187875E-016
   5.8750000000000000        9.9253938401488989E-016
   6.0000000000000000       -3.3609226512965052E-015
   6.1250000000000000        2.9057312112001909E-015
   6.2500000000000000       -1.2532800133755601E-017
   6.3750000000000000        7.6452733033249847E-016
   6.5000000000000000       -3.6090574973002277E-015
   6.6250000000000000        1.9559354136333695E-015
   6.7500000000000000        7.4895645241213053E-015
   6.8750000000000000        3.0281332996651143E-015
   7.0000000000000000       -8.2878148788267934E-016
   7.1250000000000000       -2.9737323714584818E-015
   7.2500000000000000        1.0387246618392965E-014
   7.3750000000000000       -3.9701575360595596E-015
   7.5000000000000000       -1.3411494137471891E-015
   7.6250000000000000       -1.9417800700693986E-015
   7.7500000000000000        4.5907722068250225E-015
   7.8750000000000000       -7.0832228971084984E-015
   8.0000000000000000       -3.1319391524675667E-015
   8.1250000000000000       -3.9168668308775524E-015
   8.2500000000000000        1.2592149545298526E-014
   8.3750000000000000       -4.1078251911130794E-016
   8.5000000000000000        1.0875744749228033E-014
   8.6250000000000000       -4.4408920985006262E-016
   8.7500000000000000        1.4033219031261979E-015
   8.8750000000000000       -3.9523939676655573E-016
   9.0000000000000000       -1.1546319456101628E-016
   9.1250000000000000       -1.9984014443252818E-015
   9.2500000000000000       -1.4654943925052067E-016
   9.3750000000000000       -3.3950620093037285E-015
   9.5000000000000000        3.6037839379332582E-015
   9.6250000000000000        2.8488322811881517E-015
   9.7500000000000000       -1.1279865930191591E-015
   9.8750000000000000        4.8805404162521882E-015
   10.000000000000000        5.9707794264340920E-015
   10.125000000000000        6.4548366651706602E-015
   10.250000000000000        6.9633188104489817E-015
   10.375000000000000        3.1930014188219504E-015
   10.500000000000000        6.4148686362841546E-015
   10.625000000000000       -2.0472512574087888E-015
   10.750000000000000        3.7436720390360277E-015
   10.875000000000000       -2.7022828419376310E-015
   11.000000000000000        1.2883027977750317E-014
   11.125000000000000       -9.6522789760911107E-015
   11.250000000000000        2.0428103653102879E-015
   11.375000000000000        2.7888802378583933E-015
   11.500000000000000       -4.6718184876226585E-015
   11.625000000000000       -1.0775824677011770E-014
   11.750000000000000        3.2041036490682017E-015
   11.875000000000000        1.2900791546144318E-015
   12.000000000000000        3.6504133049675150E-015
   12.125000000000000       -1.7763568394002506E-016
   12.250000000000000        8.9173113337892566E-015
   12.375000000000000       -8.0824236192711393E-015
