   1.60943794       2.77258873    
   2.30258512       3.80666256    
   2.70805025       4.54329491    
   2.99573231       5.18738604    
   3.21887589       5.54907608    
   3.40119743       5.85220242    
   3.55534816       6.21660614    
   3.68887949       6.41017485    
   3.80666256       6.63200188    
   3.91202307       6.76503897    
   4.00733328       6.90073061    
   4.09434462       7.11151218    
   4.17438745       7.28550673    
   4.24849510       7.44716835    
   4.31748819       7.61381865    
   4.38202667       7.79317427    
   4.44265127       7.93272114    
   4.49980974       8.05293274    
   4.55387688       8.15421295    
   4.60517025       8.25088120    
   4.65396023       8.35113907    
   4.70048046       8.44117546    
   4.74493217       8.50835419    
   4.78749180       8.57243824    
   4.82831383       8.63212776    
   4.86753464       8.68828487    
   4.90527487       8.74798775    
   4.94164228       8.80762196    
   4.97673368       8.85808468    
   5.01063538       8.90828896    
   5.04342508       8.94324493    
   5.07517385       8.97436523    
   5.10594559       9.00577354    
   5.13579845       9.03551102    
   5.16478586       9.06473637    
   5.19295692       9.10497952    
   5.22035599       9.13862991    
   5.24702406       9.16941452    
   5.27299976       9.20190525    
   5.29831743       9.23366642    
   5.32300997       9.25893974    
   5.34710741       9.28507710    
   5.37063789       9.31470013    
   5.39362764       9.34557056    
   5.41610050       9.37449837    
   5.43807936       9.39856148    
   5.45958567       9.42205906    
   5.48063898       9.45006561    
   5.50125837       9.47470284    
