   1.60943794       3.21887589    
   2.30258512       4.12713432    
   2.70805025       4.85981226    
   2.99573231       5.40717173    
   3.21887589       5.84643888    
   3.40119743       6.12686920    
   3.55534816       6.39692974    
   3.68887949       6.62140560    
   3.80666256       6.81783056    
   3.91202307       6.99850941    
   4.00733328       7.16317225    
   4.09434462       7.30787277    
   4.17438745       7.43070698    
   4.24849510       7.55276203    
   4.31748819       7.65822744    
   4.38202667       7.74370337    
   4.44265127       7.83834314    
   4.49980974       7.93522930    
   4.55387688       8.02780247    
   4.60517025       8.10167789    
   4.65396023       8.17329311    
   4.70048046       8.23906517    
   4.74493217       8.30226612    
   4.78749180       8.36660290    
   4.82831383       8.43337631    
   4.86753464       8.49290085    
   4.90527487       8.55506706    
   4.94164228       8.60355473    
   4.97673368       8.66319656    
   5.01063538       8.71061993    
   5.04342508       8.75242329    
   5.07517385       8.79163837    
   5.10594559       8.84202671    
   5.13579845       8.88544083    
   5.16478586       8.92359161    
   5.19295692       8.95325184    
   5.22035599       8.97853470        
